2019-01-27 21:08:22 +0000  Initial pipeline context: <IDEDistributionProcessingPipelineContext: 0x7feea1ba4890; archive(resolved)='<IDEArchive: 0x7feea1b33cb0>', distributionTask(resolved)='2', distributionDestination(resolved)='1', distributionMethod(resolved)='<IDEDistributionMethodDeveloperID: 0x7feea159d860>', team(resolved)='<IDEProvisioningDisambiguatableBasicTeam: 0x7fee9c386870; teamID='QXNMG5R4EQ', teamName='Burcu Mirza', teamType='Individual', username='burcu.mirza@gmail.com', isFreeProvisioningTeam='0'>'>
	Chain (11, self inclusive):
	<IDEDistributionProcessingPipelineContext: 0x7feea1ba4890; archive = '<IDEArchive: 0x7feea1b33cb0>', distributionMethod='<IDEDistributionMethodDeveloperID: 0x7feea159d860>', team='<IDEProvisioningDisambiguatableBasicTeam: 0x7fee9c386870; teamID='QXNMG5R4EQ', teamName='Burcu Mirza', teamType='Individual', username='burcu.mirza@gmail.com', isFreeProvisioningTeam='0'>'>
	<IDEDistributionProcessingPipelineContext: 0x7feea37b00f0; archive = '<IDEArchive: 0x7feea1b33cb0>', distributionMethod='<IDEDistributionMethodDeveloperID: 0x7feea159d860>', team='<IDEProvisioningDisambiguatableBasicTeam: 0x7fee9c386870; teamID='QXNMG5R4EQ', teamName='Burcu Mirza', teamType='Individual', username='burcu.mirza@gmail.com', isFreeProvisioningTeam='0'>'>
	<IDEDistributionContext: 0x7feea24bdcc0; archive = '<IDEArchive: 0x7feea1b33cb0>', distributionMethod='<IDEDistributionMethodDeveloperID: 0x7feea159d860>', team='<IDEProvisioningDisambiguatableBasicTeam: 0x7fee9c386870; teamID='QXNMG5R4EQ', teamName='Burcu Mirza', teamType='Individual', username='burcu.mirza@gmail.com', isFreeProvisioningTeam='0'>'>
	<IDEDistributionContext: 0x7feea1ee1ee0; archive = '<IDEArchive: 0x7feea1b33cb0>', distributionMethod='<IDEDistributionMethodDeveloperID: 0x7feea159d860>', team='<IDEProvisioningDisambiguatableBasicTeam: 0x7fee9c386870; teamID='QXNMG5R4EQ', teamName='Burcu Mirza', teamType='Individual', username='burcu.mirza@gmail.com', isFreeProvisioningTeam='0'>'>
	<IDEDistributionContext: 0x7fee9c434ee0; archive = '<IDEArchive: 0x7feea1b33cb0>', distributionMethod='<IDEDistributionMethodDeveloperID: 0x7feea159d860>', team='<IDEProvisioningDisambiguatableBasicTeam: 0x7fee9c386870; teamID='QXNMG5R4EQ', teamName='Burcu Mirza', teamType='Individual', username='burcu.mirza@gmail.com', isFreeProvisioningTeam='0'>'>
	<IDEDistributionContext: 0x7fee9c452100; archive = '<IDEArchive: 0x7feea1b33cb0>', distributionMethod='<IDEDistributionMethodDeveloperID: 0x7feea159d860>', team='<IDEProvisioningDisambiguatableBasicTeam: 0x7fee9c386870; teamID='QXNMG5R4EQ', teamName='Burcu Mirza', teamType='Individual', username='burcu.mirza@gmail.com', isFreeProvisioningTeam='0'>'>
	<IDEDistributionContext: 0x7fee9c44e120; archive = '<IDEArchive: 0x7feea1b33cb0>', distributionMethod='<IDEDistributionMethodDeveloperID: 0x7feea159d860>', team='<IDEProvisioningDisambiguatableBasicTeam: 0x7fee9c386870; teamID='QXNMG5R4EQ', teamName='Burcu Mirza', teamType='Individual', username='burcu.mirza@gmail.com', isFreeProvisioningTeam='0'>'>
	<IDEDistributionContext: 0x7feea37bccf0; archive = '<IDEArchive: 0x7feea1b33cb0>', distributionMethod='<IDEDistributionMethodDeveloperID: 0x7feea159d860>', team='<IDEProvisioningDisambiguatableBasicTeam: 0x7fee9c386870; teamID='QXNMG5R4EQ', teamName='Burcu Mirza', teamType='Individual', username='burcu.mirza@gmail.com', isFreeProvisioningTeam='0'>'>
	<IDEDistributionContext: 0x7fee9c453030; archive = '<IDEArchive: 0x7feea1b33cb0>', distributionMethod='<IDEDistributionMethodDeveloperID: 0x7feea159d860>', team='(null)'>
	<IDEDistributionContext: 0x7feea37a3bd0; archive = '<IDEArchive: 0x7feea1b33cb0>', distributionMethod='<IDEDistributionMethodDeveloperID: 0x7feea159d860>', team='(null)'>
	<IDEDistributionContext: 0x7fee9c43cff0; archive = '<IDEArchive: 0x7feea1b33cb0>', distributionMethod='(null)', team='(null)'>
</IDEDistributionProcessingPipelineContext: 0x7feea1ba4890>
2019-01-27 21:08:22 +0000  Processing step: IDEDistributionCreateDestRootStep
2019-01-27 21:08:22 +0000  Processing step: IDEDistributionCopyItemStep
2019-01-27 21:08:22 +0000  Running /usr/bin/ditto '-V' '/Users/ozanmirza/Library/Developer/Xcode/Archives/2019-01-27/Quick Weather 1-27-19, 4.07 PM.xcarchive/Products/Applications/Quick Weather.app' '/var/folders/rh/520xs81j4xnb4j6wgfn12tf00000gn/T/XcodeDistPipeline.Wcf/Root/Applications/Quick Weather.app'
2019-01-27 21:08:22 +0000  >>> Copying /Users/ozanmirza/Library/Developer/Xcode/Archives/2019-01-27/Quick Weather 1-27-19, 4.07 PM.xcarchive/Products/Applications/Quick Weather.app 
2019-01-27 21:08:22 +0000  copying file ./Contents/_CodeSignature/CodeResources ... 
2019-01-27 21:08:22 +0000  11892 bytes for ./Contents/_CodeSignature/CodeResources
2019-01-27 21:08:22 +0000  copying file ./Contents/MacOS/Quick Weather ... 
2019-01-27 21:08:22 +0000  73392 bytes for ./Contents/MacOS/Quick Weather
2019-01-27 21:08:22 +0000  copying file ./Contents/Resources/index.html ... 
2019-01-27 21:08:22 +0000  4714 bytes for ./Contents/Resources/index.html
2019-01-27 21:08:22 +0000  copying file ./Contents/Resources/index.js ... 
2019-01-27 21:08:22 +0000  19783 bytes for ./Contents/Resources/index.js
copying file ./Contents/Resources/AppIcon.icns ... 
2019-01-27 21:08:22 +0000  99886 bytes for ./Contents/Resources/AppIcon.icns
2019-01-27 21:08:22 +0000  copying file ./Contents/Resources/Base.lproj/Main.storyboardc/PopUpViewController.nib ... 
2019-01-27 21:08:22 +0000  1904 bytes for ./Contents/Resources/Base.lproj/Main.storyboardc/PopUpViewController.nib
2019-01-27 21:08:22 +0000  copying file ./Contents/Resources/Base.lproj/Main.storyboardc/MainMenu.nib ... 
2019-01-27 21:08:22 +0000  36261 bytes for ./Contents/Resources/Base.lproj/Main.storyboardc/MainMenu.nib
copying file ./Contents/Resources/Base.lproj/Main.storyboardc/XfG-lQ-9wD-view-m2S-Jp-Qdl.nib ... 
2019-01-27 21:08:22 +0000  6085 bytes for ./Contents/Resources/Base.lproj/Main.storyboardc/XfG-lQ-9wD-view-m2S-Jp-Qdl.nib
2019-01-27 21:08:22 +0000  copying file ./Contents/Resources/Base.lproj/Main.storyboardc/Info.plist ... 
2019-01-27 21:08:22 +0000  295 bytes for ./Contents/Resources/Base.lproj/Main.storyboardc/Info.plist
2019-01-27 21:08:22 +0000  copying file ./Contents/Resources/loader.gif ... 
2019-01-27 21:08:22 +0000  75110 bytes for ./Contents/Resources/loader.gif
copying file ./Contents/Resources/weathericons-regular-webfont.ttf ... 
2019-01-27 21:08:22 +0000  99564 bytes for ./Contents/Resources/weathericons-regular-webfont.ttf
copying file ./Contents/Resources/Assets.car ... 
2019-01-27 21:08:22 +0000  1036504 bytes for ./Contents/Resources/Assets.car
2019-01-27 21:08:22 +0000  copying file ./Contents/Resources/style.scss ... 
2019-01-27 21:08:22 +0000  2855 bytes for ./Contents/Resources/style.scss
copying file ./Contents/Resources/style.css ... 
2019-01-27 21:08:22 +0000  3317 bytes for ./Contents/Resources/style.css
copying file ./Contents/Resources/VarelaRound-Regular.ttf ... 
2019-01-27 21:08:22 +0000  121568 bytes for ./Contents/Resources/VarelaRound-Regular.ttf
2019-01-27 21:08:22 +0000  copying file ./Contents/Frameworks/libswiftAppKit.dylib ... 
2019-01-27 21:08:22 +0000  241232 bytes for ./Contents/Frameworks/libswiftAppKit.dylib
2019-01-27 21:08:22 +0000  copying file ./Contents/Frameworks/libswiftCoreImage.dylib ... 
2019-01-27 21:08:22 +0000  49360 bytes for ./Contents/Frameworks/libswiftCoreImage.dylib
2019-01-27 21:08:22 +0000  copying file ./Contents/Frameworks/libswiftObjectiveC.dylib ... 
2019-01-27 21:08:22 +0000  61008 bytes for ./Contents/Frameworks/libswiftObjectiveC.dylib
copying file ./Contents/Frameworks/libswiftXPC.dylib ... 
2019-01-27 21:08:22 +0000  44944 bytes for ./Contents/Frameworks/libswiftXPC.dylib
2019-01-27 21:08:22 +0000  copying file ./Contents/Frameworks/libswiftCore.dylib ... 
2019-01-27 21:08:22 +0000  6553216 bytes for ./Contents/Frameworks/libswiftCore.dylib
2019-01-27 21:08:22 +0000  copying file ./Contents/Frameworks/libswiftCoreGraphics.dylib ... 
202112 bytes for ./Contents/Frameworks/libswiftCoreGraphics.dylib
copying file ./Contents/Frameworks/libswiftMetal.dylib ... 
92400 bytes for ./Contents/Frameworks/libswiftMetal.dylib
copying file ./Contents/Frameworks/libswiftCoreData.dylib ... 
2019-01-27 21:08:22 +0000  98400 bytes for ./Contents/Frameworks/libswiftCoreData.dylib
copying file ./Contents/Frameworks/libswiftDispatch.dylib ... 
2019-01-27 21:08:22 +0000  345920 bytes for ./Contents/Frameworks/libswiftDispatch.dylib
copying file ./Contents/Frameworks/libswiftos.dylib ... 
2019-01-27 21:08:22 +0000  74624 bytes for ./Contents/Frameworks/libswiftos.dylib
2019-01-27 21:08:22 +0000  copying file ./Contents/Frameworks/libswiftCoreFoundation.dylib ... 
2019-01-27 21:08:22 +0000  41120 bytes for ./Contents/Frameworks/libswiftCoreFoundation.dylib
2019-01-27 21:08:22 +0000  copying file ./Contents/Frameworks/libswiftDarwin.dylib ... 
2019-01-27 21:08:22 +0000  106432 bytes for ./Contents/Frameworks/libswiftDarwin.dylib
2019-01-27 21:08:22 +0000  copying file ./Contents/Frameworks/libswiftQuartzCore.dylib ... 
2019-01-27 21:08:22 +0000  58368 bytes for ./Contents/Frameworks/libswiftQuartzCore.dylib
copying file ./Contents/Frameworks/libswiftIOKit.dylib ... 
2019-01-27 21:08:22 +0000  45008 bytes for ./Contents/Frameworks/libswiftIOKit.dylib
copying file ./Contents/Frameworks/libswiftFoundation.dylib ... 
2019-01-27 21:08:22 +0000  3065280 bytes for ./Contents/Frameworks/libswiftFoundation.dylib
2019-01-27 21:08:22 +0000  copying file ./Contents/Frameworks/libswiftCoreLocation.dylib ... 
2019-01-27 21:08:22 +0000  53792 bytes for ./Contents/Frameworks/libswiftCoreLocation.dylib
2019-01-27 21:08:22 +0000  copying file ./Contents/Info.plist ... 
2019-01-27 21:08:22 +0000  2270 bytes for ./Contents/Info.plist
copying file ./Contents/PkgInfo ... 
2019-01-27 21:08:22 +0000  8 bytes for ./Contents/PkgInfo
2019-01-27 21:08:22 +0000  /usr/bin/ditto exited with 0
2019-01-27 21:08:22 +0000  Processing step: IDEDistributionEmbedProfileStep
2019-01-27 21:08:22 +0000  Skipping profile for item: <IDEDistributionItem: 0x7feea1e122b0 'com.apple.dt.runtime.swiftAppKit' '<DVTFilePath:0x7feea3745c30:'/Users/ozanmirza/Library/Developer/Xcode/Archives/2019-01-27/Quick Weather 1-27-19, 4.07 PM.xcarchive/Products/Applications/Quick Weather.app/Contents/Frameworks/libswiftAppKit.dylib'>'>
2019-01-27 21:08:22 +0000  Skipping profile for item: <IDEDistributionItem: 0x7feea38942b0 'com.apple.dt.runtime.swiftCore' '<DVTFilePath:0x7fee97d1dcd0:'/Users/ozanmirza/Library/Developer/Xcode/Archives/2019-01-27/Quick Weather 1-27-19, 4.07 PM.xcarchive/Products/Applications/Quick Weather.app/Contents/Frameworks/libswiftCore.dylib'>'>
2019-01-27 21:08:22 +0000  Skipping profile for item: <IDEDistributionItem: 0x7feea20c2b10 'com.apple.dt.runtime.swiftCoreData' '<DVTFilePath:0x7feea2857390:'/Users/ozanmirza/Library/Developer/Xcode/Archives/2019-01-27/Quick Weather 1-27-19, 4.07 PM.xcarchive/Products/Applications/Quick Weather.app/Contents/Frameworks/libswiftCoreData.dylib'>'>
2019-01-27 21:08:22 +0000  Skipping profile for item: <IDEDistributionItem: 0x7feea3799e20 'com.apple.dt.runtime.swiftCoreFoundation' '<DVTFilePath:0x7feea109d7a0:'/Users/ozanmirza/Library/Developer/Xcode/Archives/2019-01-27/Quick Weather 1-27-19, 4.07 PM.xcarchive/Products/Applications/Quick Weather.app/Contents/Frameworks/libswiftCoreFoundation.dylib'>'>
2019-01-27 21:08:22 +0000  Skipping profile for item: <IDEDistributionItem: 0x7feea17f2cb0 'com.apple.dt.runtime.swiftCoreGraphics' '<DVTFilePath:0x7feea285f150:'/Users/ozanmirza/Library/Developer/Xcode/Archives/2019-01-27/Quick Weather 1-27-19, 4.07 PM.xcarchive/Products/Applications/Quick Weather.app/Contents/Frameworks/libswiftCoreGraphics.dylib'>'>
2019-01-27 21:08:22 +0000  Skipping profile for item: <IDEDistributionItem: 0x7feea2822860 'com.apple.dt.runtime.swiftCoreImage' '<DVTFilePath:0x7feea1fac540:'/Users/ozanmirza/Library/Developer/Xcode/Archives/2019-01-27/Quick Weather 1-27-19, 4.07 PM.xcarchive/Products/Applications/Quick Weather.app/Contents/Frameworks/libswiftCoreImage.dylib'>'>
2019-01-27 21:08:22 +0000  Skipping profile for item: <IDEDistributionItem: 0x7fee9aff96d0 'com.apple.dt.runtime.swiftCoreLocation' '<DVTFilePath:0x7feea2491b70:'/Users/ozanmirza/Library/Developer/Xcode/Archives/2019-01-27/Quick Weather 1-27-19, 4.07 PM.xcarchive/Products/Applications/Quick Weather.app/Contents/Frameworks/libswiftCoreLocation.dylib'>'>
2019-01-27 21:08:22 +0000  Skipping profile for item: <IDEDistributionItem: 0x7feea1984ce0 'com.apple.dt.runtime.swiftDarwin' '<DVTFilePath:0x7feea2478030:'/Users/ozanmirza/Library/Developer/Xcode/Archives/2019-01-27/Quick Weather 1-27-19, 4.07 PM.xcarchive/Products/Applications/Quick Weather.app/Contents/Frameworks/libswiftDarwin.dylib'>'>
2019-01-27 21:08:22 +0000  Skipping profile for item: <IDEDistributionItem: 0x7feea3724270 'com.apple.dt.runtime.swiftDispatch' '<DVTFilePath:0x7feea3780ee0:'/Users/ozanmirza/Library/Developer/Xcode/Archives/2019-01-27/Quick Weather 1-27-19, 4.07 PM.xcarchive/Products/Applications/Quick Weather.app/Contents/Frameworks/libswiftDispatch.dylib'>'>
2019-01-27 21:08:22 +0000  Skipping profile for item: <IDEDistributionItem: 0x7feea2b44490 'com.apple.dt.runtime.swiftFoundation' '<DVTFilePath:0x7feea2487430:'/Users/ozanmirza/Library/Developer/Xcode/Archives/2019-01-27/Quick Weather 1-27-19, 4.07 PM.xcarchive/Products/Applications/Quick Weather.app/Contents/Frameworks/libswiftFoundation.dylib'>'>
2019-01-27 21:08:22 +0000  Skipping profile for item: <IDEDistributionItem: 0x7feea3727870 'com.apple.dt.runtime.swiftIOKit' '<DVTFilePath:0x7feea1e7d0a0:'/Users/ozanmirza/Library/Developer/Xcode/Archives/2019-01-27/Quick Weather 1-27-19, 4.07 PM.xcarchive/Products/Applications/Quick Weather.app/Contents/Frameworks/libswiftIOKit.dylib'>'>
2019-01-27 21:08:22 +0000  Skipping profile for item: <IDEDistributionItem: 0x7feea22aebc0 'com.apple.dt.runtime.swiftMetal' '<DVTFilePath:0x7fee9e8415b0:'/Users/ozanmirza/Library/Developer/Xcode/Archives/2019-01-27/Quick Weather 1-27-19, 4.07 PM.xcarchive/Products/Applications/Quick Weather.app/Contents/Frameworks/libswiftMetal.dylib'>'>
2019-01-27 21:08:22 +0000  Skipping profile for item: <IDEDistributionItem: 0x7feea202f480 'com.apple.dt.runtime.swiftObjectiveC' '<DVTFilePath:0x7feea283a540:'/Users/ozanmirza/Library/Developer/Xcode/Archives/2019-01-27/Quick Weather 1-27-19, 4.07 PM.xcarchive/Products/Applications/Quick Weather.app/Contents/Frameworks/libswiftObjectiveC.dylib'>'>
2019-01-27 21:08:22 +0000  Skipping profile for item: <IDEDistributionItem: 0x7fee9c44e860 'com.apple.dt.runtime.swiftQuartzCore' '<DVTFilePath:0x7feea1570940:'/Users/ozanmirza/Library/Developer/Xcode/Archives/2019-01-27/Quick Weather 1-27-19, 4.07 PM.xcarchive/Products/Applications/Quick Weather.app/Contents/Frameworks/libswiftQuartzCore.dylib'>'>
2019-01-27 21:08:22 +0000  Skipping profile for item: <IDEDistributionItem: 0x7feea373f130 'com.apple.dt.runtime.swiftXPC' '<DVTFilePath:0x7feea2a41790:'/Users/ozanmirza/Library/Developer/Xcode/Archives/2019-01-27/Quick Weather 1-27-19, 4.07 PM.xcarchive/Products/Applications/Quick Weather.app/Contents/Frameworks/libswiftXPC.dylib'>'>
2019-01-27 21:08:22 +0000  Skipping profile for item: <IDEDistributionItem: 0x7fee9c44c920 'com.apple.dt.runtime.swiftos' '<DVTFilePath:0x7feea1e92cd0:'/Users/ozanmirza/Library/Developer/Xcode/Archives/2019-01-27/Quick Weather 1-27-19, 4.07 PM.xcarchive/Products/Applications/Quick Weather.app/Contents/Frameworks/libswiftos.dylib'>'>
2019-01-27 21:08:22 +0000  Skipping profile for item: <IDEDistributionItem: 0x7fee9c426b60 'com.burcumirza.Quick-Weather-MAC' '<DVTFilePath:0x7feea20c3030:'/Users/ozanmirza/Library/Developer/Xcode/Archives/2019-01-27/Quick Weather 1-27-19, 4.07 PM.xcarchive/Products/Applications/Quick Weather.app'>'>
2019-01-27 21:08:22 +0000  Processing step: IDEDistributionAppThinningPlistStep
2019-01-27 21:08:22 +0000  Processing step: IDEDistributionCompileBitcodeStep
2019-01-27 21:08:22 +0000  Skipping step: IDEDistributionCompileBitcodeStep because it said so
2019-01-27 21:08:22 +0000  Processing step: IDEDistributionCodeSlimmingStep
2019-01-27 21:08:22 +0000  Processing step: IDEDistributionCopyBCSymbolMapsStep
2019-01-27 21:08:22 +0000  Skipping step: IDEDistributionCopyBCSymbolMapsStep because it said so
2019-01-27 21:08:22 +0000  Skipping step: IDEDistributionCopyBCSymbolMapsStep because it said so
2019-01-27 21:08:22 +0000  Skipping step: IDEDistributionCopyBCSymbolMapsStep because it said so
2019-01-27 21:08:22 +0000  Skipping step: IDEDistributionCopyBCSymbolMapsStep because it said so
2019-01-27 21:08:22 +0000  Skipping step: IDEDistributionCopyBCSymbolMapsStep because it said so
2019-01-27 21:08:22 +0000  Skipping step: IDEDistributionCopyBCSymbolMapsStep because it said so
2019-01-27 21:08:22 +0000  Skipping step: IDEDistributionCopyBCSymbolMapsStep because it said so
2019-01-27 21:08:22 +0000  Skipping step: IDEDistributionCopyBCSymbolMapsStep because it said so
2019-01-27 21:08:22 +0000  Skipping step: IDEDistributionCopyBCSymbolMapsStep because it said so
2019-01-27 21:08:22 +0000  Skipping step: IDEDistributionCopyBCSymbolMapsStep because it said so
2019-01-27 21:08:22 +0000  Skipping step: IDEDistributionCopyBCSymbolMapsStep because it said so
2019-01-27 21:08:22 +0000  Skipping step: IDEDistributionCopyBCSymbolMapsStep because it said so
2019-01-27 21:08:22 +0000  Skipping step: IDEDistributionCopyBCSymbolMapsStep because it said so
2019-01-27 21:08:22 +0000  Skipping step: IDEDistributionCopyBCSymbolMapsStep because it said so
2019-01-27 21:08:22 +0000  Skipping step: IDEDistributionCopyBCSymbolMapsStep because it said so
2019-01-27 21:08:22 +0000  Skipping step: IDEDistributionCopyBCSymbolMapsStep because it said so
2019-01-27 21:08:22 +0000  Skipping step: IDEDistributionCopyBCSymbolMapsStep because it said so
2019-01-27 21:08:22 +0000  Processing step: IDEDistributionSymbolsStep
2019-01-27 21:08:22 +0000  Skipping step: IDEDistributionSymbolsStep because it said so
2019-01-27 21:08:22 +0000  Skipping step: IDEDistributionSymbolsStep because it said so
2019-01-27 21:08:22 +0000  Skipping step: IDEDistributionSymbolsStep because it said so
2019-01-27 21:08:22 +0000  Skipping step: IDEDistributionSymbolsStep because it said so
2019-01-27 21:08:22 +0000  Skipping step: IDEDistributionSymbolsStep because it said so
2019-01-27 21:08:22 +0000  Skipping step: IDEDistributionSymbolsStep because it said so
2019-01-27 21:08:22 +0000  Skipping step: IDEDistributionSymbolsStep because it said so
2019-01-27 21:08:22 +0000  Skipping step: IDEDistributionSymbolsStep because it said so
2019-01-27 21:08:22 +0000  Skipping step: IDEDistributionSymbolsStep because it said so
2019-01-27 21:08:22 +0000  Skipping step: IDEDistributionSymbolsStep because it said so
2019-01-27 21:08:22 +0000  Skipping step: IDEDistributionSymbolsStep because it said so
2019-01-27 21:08:22 +0000  Skipping step: IDEDistributionSymbolsStep because it said so
2019-01-27 21:08:22 +0000  Skipping step: IDEDistributionSymbolsStep because it said so
2019-01-27 21:08:22 +0000  Skipping step: IDEDistributionSymbolsStep because it said so
2019-01-27 21:08:22 +0000  Skipping step: IDEDistributionSymbolsStep because it said so
2019-01-27 21:08:22 +0000  Skipping step: IDEDistributionSymbolsStep because it said so
2019-01-27 21:08:22 +0000  Skipping step: IDEDistributionSymbolsStep because it said so
2019-01-27 21:08:22 +0000  Processing step: IDEDistributionAppThinningStep
2019-01-27 21:08:22 +0000  Skipping step: IDEDistributionAppThinningStep because it said so
2019-01-27 21:08:22 +0000  Processing step: IDEDistributionArchThinningStep
2019-01-27 21:08:22 +0000  Running /Applications/Xcode.app/Contents/Developer/Toolchains/XcodeDefault.xctoolchain/usr/bin/lipo '/var/folders/rh/520xs81j4xnb4j6wgfn12tf00000gn/T/XcodeDistPipeline.Wcf/Root/Applications/Quick Weather.app/Contents/Frameworks/libswiftAppKit.dylib' '-verify_arch' 'arm64e'
2019-01-27 21:08:22 +0000  /Applications/Xcode.app/Contents/Developer/Toolchains/XcodeDefault.xctoolchain/usr/bin/lipo exited with 1
2019-01-27 21:08:22 +0000  Skipping architecture thinning for item "libswiftAppKit.dylib" because arch "arm64e" wasn't found
2019-01-27 21:08:22 +0000  Running /Applications/Xcode.app/Contents/Developer/Toolchains/XcodeDefault.xctoolchain/usr/bin/lipo '/var/folders/rh/520xs81j4xnb4j6wgfn12tf00000gn/T/XcodeDistPipeline.Wcf/Root/Applications/Quick Weather.app/Contents/Frameworks/libswiftCore.dylib' '-verify_arch' 'arm64e'
2019-01-27 21:08:22 +0000  /Applications/Xcode.app/Contents/Developer/Toolchains/XcodeDefault.xctoolchain/usr/bin/lipo exited with 1
2019-01-27 21:08:22 +0000  Skipping architecture thinning for item "libswiftCore.dylib" because arch "arm64e" wasn't found
2019-01-27 21:08:22 +0000  Running /Applications/Xcode.app/Contents/Developer/Toolchains/XcodeDefault.xctoolchain/usr/bin/lipo '/var/folders/rh/520xs81j4xnb4j6wgfn12tf00000gn/T/XcodeDistPipeline.Wcf/Root/Applications/Quick Weather.app/Contents/Frameworks/libswiftCoreData.dylib' '-verify_arch' 'arm64e'
2019-01-27 21:08:22 +0000  /Applications/Xcode.app/Contents/Developer/Toolchains/XcodeDefault.xctoolchain/usr/bin/lipo exited with 1
2019-01-27 21:08:22 +0000  Skipping architecture thinning for item "libswiftCoreData.dylib" because arch "arm64e" wasn't found
2019-01-27 21:08:22 +0000  Running /Applications/Xcode.app/Contents/Developer/Toolchains/XcodeDefault.xctoolchain/usr/bin/lipo '/var/folders/rh/520xs81j4xnb4j6wgfn12tf00000gn/T/XcodeDistPipeline.Wcf/Root/Applications/Quick Weather.app/Contents/Frameworks/libswiftCoreFoundation.dylib' '-verify_arch' 'arm64e'
2019-01-27 21:08:22 +0000  /Applications/Xcode.app/Contents/Developer/Toolchains/XcodeDefault.xctoolchain/usr/bin/lipo exited with 1
2019-01-27 21:08:22 +0000  Skipping architecture thinning for item "libswiftCoreFoundation.dylib" because arch "arm64e" wasn't found
2019-01-27 21:08:22 +0000  Running /Applications/Xcode.app/Contents/Developer/Toolchains/XcodeDefault.xctoolchain/usr/bin/lipo '/var/folders/rh/520xs81j4xnb4j6wgfn12tf00000gn/T/XcodeDistPipeline.Wcf/Root/Applications/Quick Weather.app/Contents/Frameworks/libswiftCoreGraphics.dylib' '-verify_arch' 'arm64e'
2019-01-27 21:08:22 +0000  /Applications/Xcode.app/Contents/Developer/Toolchains/XcodeDefault.xctoolchain/usr/bin/lipo exited with 1
2019-01-27 21:08:22 +0000  Skipping architecture thinning for item "libswiftCoreGraphics.dylib" because arch "arm64e" wasn't found
2019-01-27 21:08:22 +0000  Running /Applications/Xcode.app/Contents/Developer/Toolchains/XcodeDefault.xctoolchain/usr/bin/lipo '/var/folders/rh/520xs81j4xnb4j6wgfn12tf00000gn/T/XcodeDistPipeline.Wcf/Root/Applications/Quick Weather.app/Contents/Frameworks/libswiftCoreImage.dylib' '-verify_arch' 'arm64e'
2019-01-27 21:08:23 +0000  /Applications/Xcode.app/Contents/Developer/Toolchains/XcodeDefault.xctoolchain/usr/bin/lipo exited with 1
2019-01-27 21:08:23 +0000  Skipping architecture thinning for item "libswiftCoreImage.dylib" because arch "arm64e" wasn't found
2019-01-27 21:08:23 +0000  Running /Applications/Xcode.app/Contents/Developer/Toolchains/XcodeDefault.xctoolchain/usr/bin/lipo '/var/folders/rh/520xs81j4xnb4j6wgfn12tf00000gn/T/XcodeDistPipeline.Wcf/Root/Applications/Quick Weather.app/Contents/Frameworks/libswiftCoreLocation.dylib' '-verify_arch' 'arm64e'
2019-01-27 21:08:23 +0000  /Applications/Xcode.app/Contents/Developer/Toolchains/XcodeDefault.xctoolchain/usr/bin/lipo exited with 1
2019-01-27 21:08:23 +0000  Skipping architecture thinning for item "libswiftCoreLocation.dylib" because arch "arm64e" wasn't found
2019-01-27 21:08:23 +0000  Running /Applications/Xcode.app/Contents/Developer/Toolchains/XcodeDefault.xctoolchain/usr/bin/lipo '/var/folders/rh/520xs81j4xnb4j6wgfn12tf00000gn/T/XcodeDistPipeline.Wcf/Root/Applications/Quick Weather.app/Contents/Frameworks/libswiftDarwin.dylib' '-verify_arch' 'arm64e'
2019-01-27 21:08:23 +0000  /Applications/Xcode.app/Contents/Developer/Toolchains/XcodeDefault.xctoolchain/usr/bin/lipo exited with 1
2019-01-27 21:08:23 +0000  Skipping architecture thinning for item "libswiftDarwin.dylib" because arch "arm64e" wasn't found
2019-01-27 21:08:23 +0000  Running /Applications/Xcode.app/Contents/Developer/Toolchains/XcodeDefault.xctoolchain/usr/bin/lipo '/var/folders/rh/520xs81j4xnb4j6wgfn12tf00000gn/T/XcodeDistPipeline.Wcf/Root/Applications/Quick Weather.app/Contents/Frameworks/libswiftDispatch.dylib' '-verify_arch' 'arm64e'
2019-01-27 21:08:23 +0000  /Applications/Xcode.app/Contents/Developer/Toolchains/XcodeDefault.xctoolchain/usr/bin/lipo exited with 1
2019-01-27 21:08:23 +0000  Skipping architecture thinning for item "libswiftDispatch.dylib" because arch "arm64e" wasn't found
2019-01-27 21:08:23 +0000  Running /Applications/Xcode.app/Contents/Developer/Toolchains/XcodeDefault.xctoolchain/usr/bin/lipo '/var/folders/rh/520xs81j4xnb4j6wgfn12tf00000gn/T/XcodeDistPipeline.Wcf/Root/Applications/Quick Weather.app/Contents/Frameworks/libswiftFoundation.dylib' '-verify_arch' 'arm64e'
2019-01-27 21:08:23 +0000  /Applications/Xcode.app/Contents/Developer/Toolchains/XcodeDefault.xctoolchain/usr/bin/lipo exited with 1
2019-01-27 21:08:23 +0000  Skipping architecture thinning for item "libswiftFoundation.dylib" because arch "arm64e" wasn't found
2019-01-27 21:08:23 +0000  Running /Applications/Xcode.app/Contents/Developer/Toolchains/XcodeDefault.xctoolchain/usr/bin/lipo '/var/folders/rh/520xs81j4xnb4j6wgfn12tf00000gn/T/XcodeDistPipeline.Wcf/Root/Applications/Quick Weather.app/Contents/Frameworks/libswiftIOKit.dylib' '-verify_arch' 'arm64e'
2019-01-27 21:08:23 +0000  /Applications/Xcode.app/Contents/Developer/Toolchains/XcodeDefault.xctoolchain/usr/bin/lipo exited with 1
2019-01-27 21:08:23 +0000  Skipping architecture thinning for item "libswiftIOKit.dylib" because arch "arm64e" wasn't found
2019-01-27 21:08:23 +0000  Running /Applications/Xcode.app/Contents/Developer/Toolchains/XcodeDefault.xctoolchain/usr/bin/lipo '/var/folders/rh/520xs81j4xnb4j6wgfn12tf00000gn/T/XcodeDistPipeline.Wcf/Root/Applications/Quick Weather.app/Contents/Frameworks/libswiftMetal.dylib' '-verify_arch' 'arm64e'
2019-01-27 21:08:23 +0000  /Applications/Xcode.app/Contents/Developer/Toolchains/XcodeDefault.xctoolchain/usr/bin/lipo exited with 1
2019-01-27 21:08:23 +0000  Skipping architecture thinning for item "libswiftMetal.dylib" because arch "arm64e" wasn't found
2019-01-27 21:08:23 +0000  Running /Applications/Xcode.app/Contents/Developer/Toolchains/XcodeDefault.xctoolchain/usr/bin/lipo '/var/folders/rh/520xs81j4xnb4j6wgfn12tf00000gn/T/XcodeDistPipeline.Wcf/Root/Applications/Quick Weather.app/Contents/Frameworks/libswiftObjectiveC.dylib' '-verify_arch' 'arm64e'
2019-01-27 21:08:23 +0000  /Applications/Xcode.app/Contents/Developer/Toolchains/XcodeDefault.xctoolchain/usr/bin/lipo exited with 1
2019-01-27 21:08:23 +0000  Skipping architecture thinning for item "libswiftObjectiveC.dylib" because arch "arm64e" wasn't found
2019-01-27 21:08:23 +0000  Running /Applications/Xcode.app/Contents/Developer/Toolchains/XcodeDefault.xctoolchain/usr/bin/lipo '/var/folders/rh/520xs81j4xnb4j6wgfn12tf00000gn/T/XcodeDistPipeline.Wcf/Root/Applications/Quick Weather.app/Contents/Frameworks/libswiftQuartzCore.dylib' '-verify_arch' 'arm64e'
2019-01-27 21:08:23 +0000  /Applications/Xcode.app/Contents/Developer/Toolchains/XcodeDefault.xctoolchain/usr/bin/lipo exited with 1
2019-01-27 21:08:23 +0000  Skipping architecture thinning for item "libswiftQuartzCore.dylib" because arch "arm64e" wasn't found
2019-01-27 21:08:23 +0000  Running /Applications/Xcode.app/Contents/Developer/Toolchains/XcodeDefault.xctoolchain/usr/bin/lipo '/var/folders/rh/520xs81j4xnb4j6wgfn12tf00000gn/T/XcodeDistPipeline.Wcf/Root/Applications/Quick Weather.app/Contents/Frameworks/libswiftXPC.dylib' '-verify_arch' 'arm64e'
2019-01-27 21:08:23 +0000  /Applications/Xcode.app/Contents/Developer/Toolchains/XcodeDefault.xctoolchain/usr/bin/lipo exited with 1
2019-01-27 21:08:23 +0000  Skipping architecture thinning for item "libswiftXPC.dylib" because arch "arm64e" wasn't found
2019-01-27 21:08:23 +0000  Running /Applications/Xcode.app/Contents/Developer/Toolchains/XcodeDefault.xctoolchain/usr/bin/lipo '/var/folders/rh/520xs81j4xnb4j6wgfn12tf00000gn/T/XcodeDistPipeline.Wcf/Root/Applications/Quick Weather.app/Contents/Frameworks/libswiftos.dylib' '-verify_arch' 'arm64e'
2019-01-27 21:08:23 +0000  /Applications/Xcode.app/Contents/Developer/Toolchains/XcodeDefault.xctoolchain/usr/bin/lipo exited with 1
2019-01-27 21:08:23 +0000  Skipping architecture thinning for item "libswiftos.dylib" because arch "arm64e" wasn't found
2019-01-27 21:08:23 +0000  Running /Applications/Xcode.app/Contents/Developer/Toolchains/XcodeDefault.xctoolchain/usr/bin/lipo '/var/folders/rh/520xs81j4xnb4j6wgfn12tf00000gn/T/XcodeDistPipeline.Wcf/Root/Applications/Quick Weather.app/Contents/MacOS/Quick Weather' '-verify_arch' 'arm64e'
2019-01-27 21:08:23 +0000  /Applications/Xcode.app/Contents/Developer/Toolchains/XcodeDefault.xctoolchain/usr/bin/lipo exited with 1
2019-01-27 21:08:23 +0000  Skipping architecture thinning for item "Quick Weather" because arch "arm64e" wasn't found
2019-01-27 21:08:23 +0000  Processing step: IDEDistributionODRStep
2019-01-27 21:08:23 +0000  Processing step: IDEDistributionStripXattrsStep
2019-01-27 21:08:23 +0000  Skipping stripping extended attributes of item: <IDEDistributionItem: 0x7feea1e122b0 'com.apple.dt.runtime.swiftAppKit' '<DVTFilePath:0x7feea3745c30:'/Users/ozanmirza/Library/Developer/Xcode/Archives/2019-01-27/Quick Weather 1-27-19, 4.07 PM.xcarchive/Products/Applications/Quick Weather.app/Contents/Frameworks/libswiftAppKit.dylib'>'>
2019-01-27 21:08:23 +0000  Skipping stripping extended attributes of item: <IDEDistributionItem: 0x7feea38942b0 'com.apple.dt.runtime.swiftCore' '<DVTFilePath:0x7fee97d1dcd0:'/Users/ozanmirza/Library/Developer/Xcode/Archives/2019-01-27/Quick Weather 1-27-19, 4.07 PM.xcarchive/Products/Applications/Quick Weather.app/Contents/Frameworks/libswiftCore.dylib'>'>
2019-01-27 21:08:23 +0000  Skipping stripping extended attributes of item: <IDEDistributionItem: 0x7feea20c2b10 'com.apple.dt.runtime.swiftCoreData' '<DVTFilePath:0x7feea2857390:'/Users/ozanmirza/Library/Developer/Xcode/Archives/2019-01-27/Quick Weather 1-27-19, 4.07 PM.xcarchive/Products/Applications/Quick Weather.app/Contents/Frameworks/libswiftCoreData.dylib'>'>
2019-01-27 21:08:23 +0000  Skipping stripping extended attributes of item: <IDEDistributionItem: 0x7feea3799e20 'com.apple.dt.runtime.swiftCoreFoundation' '<DVTFilePath:0x7feea109d7a0:'/Users/ozanmirza/Library/Developer/Xcode/Archives/2019-01-27/Quick Weather 1-27-19, 4.07 PM.xcarchive/Products/Applications/Quick Weather.app/Contents/Frameworks/libswiftCoreFoundation.dylib'>'>
2019-01-27 21:08:23 +0000  Skipping stripping extended attributes of item: <IDEDistributionItem: 0x7feea17f2cb0 'com.apple.dt.runtime.swiftCoreGraphics' '<DVTFilePath:0x7feea285f150:'/Users/ozanmirza/Library/Developer/Xcode/Archives/2019-01-27/Quick Weather 1-27-19, 4.07 PM.xcarchive/Products/Applications/Quick Weather.app/Contents/Frameworks/libswiftCoreGraphics.dylib'>'>
2019-01-27 21:08:23 +0000  Skipping stripping extended attributes of item: <IDEDistributionItem: 0x7feea2822860 'com.apple.dt.runtime.swiftCoreImage' '<DVTFilePath:0x7feea1fac540:'/Users/ozanmirza/Library/Developer/Xcode/Archives/2019-01-27/Quick Weather 1-27-19, 4.07 PM.xcarchive/Products/Applications/Quick Weather.app/Contents/Frameworks/libswiftCoreImage.dylib'>'>
2019-01-27 21:08:23 +0000  Skipping stripping extended attributes of item: <IDEDistributionItem: 0x7fee9aff96d0 'com.apple.dt.runtime.swiftCoreLocation' '<DVTFilePath:0x7feea2491b70:'/Users/ozanmirza/Library/Developer/Xcode/Archives/2019-01-27/Quick Weather 1-27-19, 4.07 PM.xcarchive/Products/Applications/Quick Weather.app/Contents/Frameworks/libswiftCoreLocation.dylib'>'>
2019-01-27 21:08:23 +0000  Skipping stripping extended attributes of item: <IDEDistributionItem: 0x7feea1984ce0 'com.apple.dt.runtime.swiftDarwin' '<DVTFilePath:0x7feea2478030:'/Users/ozanmirza/Library/Developer/Xcode/Archives/2019-01-27/Quick Weather 1-27-19, 4.07 PM.xcarchive/Products/Applications/Quick Weather.app/Contents/Frameworks/libswiftDarwin.dylib'>'>
2019-01-27 21:08:23 +0000  Skipping stripping extended attributes of item: <IDEDistributionItem: 0x7feea3724270 'com.apple.dt.runtime.swiftDispatch' '<DVTFilePath:0x7feea3780ee0:'/Users/ozanmirza/Library/Developer/Xcode/Archives/2019-01-27/Quick Weather 1-27-19, 4.07 PM.xcarchive/Products/Applications/Quick Weather.app/Contents/Frameworks/libswiftDispatch.dylib'>'>
2019-01-27 21:08:23 +0000  Skipping stripping extended attributes of item: <IDEDistributionItem: 0x7feea2b44490 'com.apple.dt.runtime.swiftFoundation' '<DVTFilePath:0x7feea2487430:'/Users/ozanmirza/Library/Developer/Xcode/Archives/2019-01-27/Quick Weather 1-27-19, 4.07 PM.xcarchive/Products/Applications/Quick Weather.app/Contents/Frameworks/libswiftFoundation.dylib'>'>
2019-01-27 21:08:23 +0000  Skipping stripping extended attributes of item: <IDEDistributionItem: 0x7feea3727870 'com.apple.dt.runtime.swiftIOKit' '<DVTFilePath:0x7feea1e7d0a0:'/Users/ozanmirza/Library/Developer/Xcode/Archives/2019-01-27/Quick Weather 1-27-19, 4.07 PM.xcarchive/Products/Applications/Quick Weather.app/Contents/Frameworks/libswiftIOKit.dylib'>'>
2019-01-27 21:08:23 +0000  Skipping stripping extended attributes of item: <IDEDistributionItem: 0x7feea22aebc0 'com.apple.dt.runtime.swiftMetal' '<DVTFilePath:0x7fee9e8415b0:'/Users/ozanmirza/Library/Developer/Xcode/Archives/2019-01-27/Quick Weather 1-27-19, 4.07 PM.xcarchive/Products/Applications/Quick Weather.app/Contents/Frameworks/libswiftMetal.dylib'>'>
2019-01-27 21:08:23 +0000  Skipping stripping extended attributes of item: <IDEDistributionItem: 0x7feea202f480 'com.apple.dt.runtime.swiftObjectiveC' '<DVTFilePath:0x7feea283a540:'/Users/ozanmirza/Library/Developer/Xcode/Archives/2019-01-27/Quick Weather 1-27-19, 4.07 PM.xcarchive/Products/Applications/Quick Weather.app/Contents/Frameworks/libswiftObjectiveC.dylib'>'>
2019-01-27 21:08:23 +0000  Skipping stripping extended attributes of item: <IDEDistributionItem: 0x7fee9c44e860 'com.apple.dt.runtime.swiftQuartzCore' '<DVTFilePath:0x7feea1570940:'/Users/ozanmirza/Library/Developer/Xcode/Archives/2019-01-27/Quick Weather 1-27-19, 4.07 PM.xcarchive/Products/Applications/Quick Weather.app/Contents/Frameworks/libswiftQuartzCore.dylib'>'>
2019-01-27 21:08:23 +0000  Skipping stripping extended attributes of item: <IDEDistributionItem: 0x7feea373f130 'com.apple.dt.runtime.swiftXPC' '<DVTFilePath:0x7feea2a41790:'/Users/ozanmirza/Library/Developer/Xcode/Archives/2019-01-27/Quick Weather 1-27-19, 4.07 PM.xcarchive/Products/Applications/Quick Weather.app/Contents/Frameworks/libswiftXPC.dylib'>'>
2019-01-27 21:08:23 +0000  Skipping stripping extended attributes of item: <IDEDistributionItem: 0x7fee9c44c920 'com.apple.dt.runtime.swiftos' '<DVTFilePath:0x7feea1e92cd0:'/Users/ozanmirza/Library/Developer/Xcode/Archives/2019-01-27/Quick Weather 1-27-19, 4.07 PM.xcarchive/Products/Applications/Quick Weather.app/Contents/Frameworks/libswiftos.dylib'>'>
2019-01-27 21:08:23 +0000  Running /usr/bin/xattr '-crs' '/var/folders/rh/520xs81j4xnb4j6wgfn12tf00000gn/T/XcodeDistPipeline.Wcf/Root/Applications/Quick Weather.app'
2019-01-27 21:08:23 +0000  /usr/bin/xattr exited with 0
2019-01-27 21:08:23 +0000  Processing step: IDEDistributionCodesignStep
2019-01-27 21:08:23 +0000  Entitlements for <IDEDistributionItem: 0x7feea1e122b0 'com.apple.dt.runtime.swiftAppKit' '<DVTFilePath:0x7feea3745c30:'/Users/ozanmirza/Library/Developer/Xcode/Archives/2019-01-27/Quick Weather 1-27-19, 4.07 PM.xcarchive/Products/Applications/Quick Weather.app/Contents/Frameworks/libswiftAppKit.dylib'>'>: {
}
2019-01-27 21:08:23 +0000  Writing entitlements for <IDEDistributionItem: 0x7feea1e122b0 'com.apple.dt.runtime.swiftAppKit' '<DVTFilePath:0x7feea3745c30:'/Users/ozanmirza/Library/Developer/Xcode/Archives/2019-01-27/Quick Weather 1-27-19, 4.07 PM.xcarchive/Products/Applications/Quick Weather.app/Contents/Frameworks/libswiftAppKit.dylib'>'> to: /var/folders/rh/520xs81j4xnb4j6wgfn12tf00000gn/T/XcodeDistPipeline.Wcf/entitlementsegMRSy
2019-01-27 21:08:23 +0000  Running /usr/bin/codesign '-vvv' '--force' '--sign' '95E48E0337B7CEE63F2E380AD975152F1EE59812' '--entitlements' '/var/folders/rh/520xs81j4xnb4j6wgfn12tf00000gn/T/XcodeDistPipeline.Wcf/entitlementsegMRSy' '--preserve-metadata=identifier,flags,runtime' '--requirements' '=designated => anchor apple generic  and identifier "$self.identifier" and ((cert leaf[field.1.2.840.113635.100.6.1.9] exists) or ( certificate 1[field.1.2.840.113635.100.6.2.6] exists and certificate leaf[field.1.2.840.113635.100.6.1.13] exists  and certificate leaf[subject.OU] = "QXNMG5R4EQ" ))' '/var/folders/rh/520xs81j4xnb4j6wgfn12tf00000gn/T/XcodeDistPipeline.Wcf/Root/Applications/Quick Weather.app/Contents/Frameworks/libswiftAppKit.dylib'
2019-01-27 21:08:23 +0000  /var/folders/rh/520xs81j4xnb4j6wgfn12tf00000gn/T/XcodeDistPipeline.Wcf/Root/Applications/Quick Weather.app/Contents/Frameworks/libswiftAppKit.dylib: replacing existing signature
2019-01-27 21:08:24 +0000  /var/folders/rh/520xs81j4xnb4j6wgfn12tf00000gn/T/XcodeDistPipeline.Wcf/Root/Applications/Quick Weather.app/Contents/Frameworks/libswiftAppKit.dylib: signed Mach-O thin (x86_64) [com.apple.dt.runtime.swiftAppKit]
2019-01-27 21:08:24 +0000  /usr/bin/codesign exited with 0
2019-01-27 21:08:24 +0000  Entitlements for <IDEDistributionItem: 0x7feea38942b0 'com.apple.dt.runtime.swiftCore' '<DVTFilePath:0x7fee97d1dcd0:'/Users/ozanmirza/Library/Developer/Xcode/Archives/2019-01-27/Quick Weather 1-27-19, 4.07 PM.xcarchive/Products/Applications/Quick Weather.app/Contents/Frameworks/libswiftCore.dylib'>'>: {
}
2019-01-27 21:08:24 +0000  Writing entitlements for <IDEDistributionItem: 0x7feea38942b0 'com.apple.dt.runtime.swiftCore' '<DVTFilePath:0x7fee97d1dcd0:'/Users/ozanmirza/Library/Developer/Xcode/Archives/2019-01-27/Quick Weather 1-27-19, 4.07 PM.xcarchive/Products/Applications/Quick Weather.app/Contents/Frameworks/libswiftCore.dylib'>'> to: /var/folders/rh/520xs81j4xnb4j6wgfn12tf00000gn/T/XcodeDistPipeline.Wcf/entitlementsDLJxl1
2019-01-27 21:08:24 +0000  Running /usr/bin/codesign '-vvv' '--force' '--sign' '95E48E0337B7CEE63F2E380AD975152F1EE59812' '--entitlements' '/var/folders/rh/520xs81j4xnb4j6wgfn12tf00000gn/T/XcodeDistPipeline.Wcf/entitlementsDLJxl1' '--preserve-metadata=identifier,flags,runtime' '--requirements' '=designated => anchor apple generic  and identifier "$self.identifier" and ((cert leaf[field.1.2.840.113635.100.6.1.9] exists) or ( certificate 1[field.1.2.840.113635.100.6.2.6] exists and certificate leaf[field.1.2.840.113635.100.6.1.13] exists  and certificate leaf[subject.OU] = "QXNMG5R4EQ" ))' '/var/folders/rh/520xs81j4xnb4j6wgfn12tf00000gn/T/XcodeDistPipeline.Wcf/Root/Applications/Quick Weather.app/Contents/Frameworks/libswiftCore.dylib'
2019-01-27 21:08:24 +0000  /var/folders/rh/520xs81j4xnb4j6wgfn12tf00000gn/T/XcodeDistPipeline.Wcf/Root/Applications/Quick Weather.app/Contents/Frameworks/libswiftCore.dylib: replacing existing signature
2019-01-27 21:08:24 +0000  /var/folders/rh/520xs81j4xnb4j6wgfn12tf00000gn/T/XcodeDistPipeline.Wcf/Root/Applications/Quick Weather.app/Contents/Frameworks/libswiftCore.dylib: signed Mach-O thin (x86_64) [com.apple.dt.runtime.swiftCore]
2019-01-27 21:08:24 +0000  /usr/bin/codesign exited with 0
2019-01-27 21:08:24 +0000  Entitlements for <IDEDistributionItem: 0x7feea20c2b10 'com.apple.dt.runtime.swiftCoreData' '<DVTFilePath:0x7feea2857390:'/Users/ozanmirza/Library/Developer/Xcode/Archives/2019-01-27/Quick Weather 1-27-19, 4.07 PM.xcarchive/Products/Applications/Quick Weather.app/Contents/Frameworks/libswiftCoreData.dylib'>'>: {
}
2019-01-27 21:08:24 +0000  Writing entitlements for <IDEDistributionItem: 0x7feea20c2b10 'com.apple.dt.runtime.swiftCoreData' '<DVTFilePath:0x7feea2857390:'/Users/ozanmirza/Library/Developer/Xcode/Archives/2019-01-27/Quick Weather 1-27-19, 4.07 PM.xcarchive/Products/Applications/Quick Weather.app/Contents/Frameworks/libswiftCoreData.dylib'>'> to: /var/folders/rh/520xs81j4xnb4j6wgfn12tf00000gn/T/XcodeDistPipeline.Wcf/entitlementspRDQnw
2019-01-27 21:08:24 +0000  Running /usr/bin/codesign '-vvv' '--force' '--sign' '95E48E0337B7CEE63F2E380AD975152F1EE59812' '--entitlements' '/var/folders/rh/520xs81j4xnb4j6wgfn12tf00000gn/T/XcodeDistPipeline.Wcf/entitlementspRDQnw' '--preserve-metadata=identifier,flags,runtime' '--requirements' '=designated => anchor apple generic  and identifier "$self.identifier" and ((cert leaf[field.1.2.840.113635.100.6.1.9] exists) or ( certificate 1[field.1.2.840.113635.100.6.2.6] exists and certificate leaf[field.1.2.840.113635.100.6.1.13] exists  and certificate leaf[subject.OU] = "QXNMG5R4EQ" ))' '/var/folders/rh/520xs81j4xnb4j6wgfn12tf00000gn/T/XcodeDistPipeline.Wcf/Root/Applications/Quick Weather.app/Contents/Frameworks/libswiftCoreData.dylib'
2019-01-27 21:08:24 +0000  /var/folders/rh/520xs81j4xnb4j6wgfn12tf00000gn/T/XcodeDistPipeline.Wcf/Root/Applications/Quick Weather.app/Contents/Frameworks/libswiftCoreData.dylib: replacing existing signature
2019-01-27 21:08:24 +0000  /var/folders/rh/520xs81j4xnb4j6wgfn12tf00000gn/T/XcodeDistPipeline.Wcf/Root/Applications/Quick Weather.app/Contents/Frameworks/libswiftCoreData.dylib: signed Mach-O thin (x86_64) [com.apple.dt.runtime.swiftCoreData]
2019-01-27 21:08:24 +0000  /usr/bin/codesign exited with 0
2019-01-27 21:08:24 +0000  Entitlements for <IDEDistributionItem: 0x7feea3799e20 'com.apple.dt.runtime.swiftCoreFoundation' '<DVTFilePath:0x7feea109d7a0:'/Users/ozanmirza/Library/Developer/Xcode/Archives/2019-01-27/Quick Weather 1-27-19, 4.07 PM.xcarchive/Products/Applications/Quick Weather.app/Contents/Frameworks/libswiftCoreFoundation.dylib'>'>: {
}
2019-01-27 21:08:24 +0000  Writing entitlements for <IDEDistributionItem: 0x7feea3799e20 'com.apple.dt.runtime.swiftCoreFoundation' '<DVTFilePath:0x7feea109d7a0:'/Users/ozanmirza/Library/Developer/Xcode/Archives/2019-01-27/Quick Weather 1-27-19, 4.07 PM.xcarchive/Products/Applications/Quick Weather.app/Contents/Frameworks/libswiftCoreFoundation.dylib'>'> to: /var/folders/rh/520xs81j4xnb4j6wgfn12tf00000gn/T/XcodeDistPipeline.Wcf/entitlementsaeGMQx
2019-01-27 21:08:24 +0000  Running /usr/bin/codesign '-vvv' '--force' '--sign' '95E48E0337B7CEE63F2E380AD975152F1EE59812' '--entitlements' '/var/folders/rh/520xs81j4xnb4j6wgfn12tf00000gn/T/XcodeDistPipeline.Wcf/entitlementsaeGMQx' '--preserve-metadata=identifier,flags,runtime' '--requirements' '=designated => anchor apple generic  and identifier "$self.identifier" and ((cert leaf[field.1.2.840.113635.100.6.1.9] exists) or ( certificate 1[field.1.2.840.113635.100.6.2.6] exists and certificate leaf[field.1.2.840.113635.100.6.1.13] exists  and certificate leaf[subject.OU] = "QXNMG5R4EQ" ))' '/var/folders/rh/520xs81j4xnb4j6wgfn12tf00000gn/T/XcodeDistPipeline.Wcf/Root/Applications/Quick Weather.app/Contents/Frameworks/libswiftCoreFoundation.dylib'
2019-01-27 21:08:24 +0000  /var/folders/rh/520xs81j4xnb4j6wgfn12tf00000gn/T/XcodeDistPipeline.Wcf/Root/Applications/Quick Weather.app/Contents/Frameworks/libswiftCoreFoundation.dylib: replacing existing signature
2019-01-27 21:08:24 +0000  /var/folders/rh/520xs81j4xnb4j6wgfn12tf00000gn/T/XcodeDistPipeline.Wcf/Root/Applications/Quick Weather.app/Contents/Frameworks/libswiftCoreFoundation.dylib: signed Mach-O thin (x86_64) [com.apple.dt.runtime.swiftCoreFoundation]
2019-01-27 21:08:24 +0000  /usr/bin/codesign exited with 0
2019-01-27 21:08:24 +0000  Entitlements for <IDEDistributionItem: 0x7feea17f2cb0 'com.apple.dt.runtime.swiftCoreGraphics' '<DVTFilePath:0x7feea285f150:'/Users/ozanmirza/Library/Developer/Xcode/Archives/2019-01-27/Quick Weather 1-27-19, 4.07 PM.xcarchive/Products/Applications/Quick Weather.app/Contents/Frameworks/libswiftCoreGraphics.dylib'>'>: {
}
2019-01-27 21:08:24 +0000  Writing entitlements for <IDEDistributionItem: 0x7feea17f2cb0 'com.apple.dt.runtime.swiftCoreGraphics' '<DVTFilePath:0x7feea285f150:'/Users/ozanmirza/Library/Developer/Xcode/Archives/2019-01-27/Quick Weather 1-27-19, 4.07 PM.xcarchive/Products/Applications/Quick Weather.app/Contents/Frameworks/libswiftCoreGraphics.dylib'>'> to: /var/folders/rh/520xs81j4xnb4j6wgfn12tf00000gn/T/XcodeDistPipeline.Wcf/entitlementsU2vqdp
2019-01-27 21:08:24 +0000  Running /usr/bin/codesign '-vvv' '--force' '--sign' '95E48E0337B7CEE63F2E380AD975152F1EE59812' '--entitlements' '/var/folders/rh/520xs81j4xnb4j6wgfn12tf00000gn/T/XcodeDistPipeline.Wcf/entitlementsU2vqdp' '--preserve-metadata=identifier,flags,runtime' '--requirements' '=designated => anchor apple generic  and identifier "$self.identifier" and ((cert leaf[field.1.2.840.113635.100.6.1.9] exists) or ( certificate 1[field.1.2.840.113635.100.6.2.6] exists and certificate leaf[field.1.2.840.113635.100.6.1.13] exists  and certificate leaf[subject.OU] = "QXNMG5R4EQ" ))' '/var/folders/rh/520xs81j4xnb4j6wgfn12tf00000gn/T/XcodeDistPipeline.Wcf/Root/Applications/Quick Weather.app/Contents/Frameworks/libswiftCoreGraphics.dylib'
2019-01-27 21:08:24 +0000  /var/folders/rh/520xs81j4xnb4j6wgfn12tf00000gn/T/XcodeDistPipeline.Wcf/Root/Applications/Quick Weather.app/Contents/Frameworks/libswiftCoreGraphics.dylib: replacing existing signature
2019-01-27 21:08:24 +0000  /var/folders/rh/520xs81j4xnb4j6wgfn12tf00000gn/T/XcodeDistPipeline.Wcf/Root/Applications/Quick Weather.app/Contents/Frameworks/libswiftCoreGraphics.dylib: signed Mach-O thin (x86_64) [com.apple.dt.runtime.swiftCoreGraphics]
2019-01-27 21:08:24 +0000  /usr/bin/codesign exited with 0
2019-01-27 21:08:24 +0000  Entitlements for <IDEDistributionItem: 0x7feea2822860 'com.apple.dt.runtime.swiftCoreImage' '<DVTFilePath:0x7feea1fac540:'/Users/ozanmirza/Library/Developer/Xcode/Archives/2019-01-27/Quick Weather 1-27-19, 4.07 PM.xcarchive/Products/Applications/Quick Weather.app/Contents/Frameworks/libswiftCoreImage.dylib'>'>: {
}
2019-01-27 21:08:24 +0000  Writing entitlements for <IDEDistributionItem: 0x7feea2822860 'com.apple.dt.runtime.swiftCoreImage' '<DVTFilePath:0x7feea1fac540:'/Users/ozanmirza/Library/Developer/Xcode/Archives/2019-01-27/Quick Weather 1-27-19, 4.07 PM.xcarchive/Products/Applications/Quick Weather.app/Contents/Frameworks/libswiftCoreImage.dylib'>'> to: /var/folders/rh/520xs81j4xnb4j6wgfn12tf00000gn/T/XcodeDistPipeline.Wcf/entitlementsAN8xsf
2019-01-27 21:08:24 +0000  Running /usr/bin/codesign '-vvv' '--force' '--sign' '95E48E0337B7CEE63F2E380AD975152F1EE59812' '--entitlements' '/var/folders/rh/520xs81j4xnb4j6wgfn12tf00000gn/T/XcodeDistPipeline.Wcf/entitlementsAN8xsf' '--preserve-metadata=identifier,flags,runtime' '--requirements' '=designated => anchor apple generic  and identifier "$self.identifier" and ((cert leaf[field.1.2.840.113635.100.6.1.9] exists) or ( certificate 1[field.1.2.840.113635.100.6.2.6] exists and certificate leaf[field.1.2.840.113635.100.6.1.13] exists  and certificate leaf[subject.OU] = "QXNMG5R4EQ" ))' '/var/folders/rh/520xs81j4xnb4j6wgfn12tf00000gn/T/XcodeDistPipeline.Wcf/Root/Applications/Quick Weather.app/Contents/Frameworks/libswiftCoreImage.dylib'
2019-01-27 21:08:24 +0000  /var/folders/rh/520xs81j4xnb4j6wgfn12tf00000gn/T/XcodeDistPipeline.Wcf/Root/Applications/Quick Weather.app/Contents/Frameworks/libswiftCoreImage.dylib: replacing existing signature
2019-01-27 21:08:25 +0000  /var/folders/rh/520xs81j4xnb4j6wgfn12tf00000gn/T/XcodeDistPipeline.Wcf/Root/Applications/Quick Weather.app/Contents/Frameworks/libswiftCoreImage.dylib: signed Mach-O thin (x86_64) [com.apple.dt.runtime.swiftCoreImage]
2019-01-27 21:08:25 +0000  /usr/bin/codesign exited with 0
2019-01-27 21:08:25 +0000  Entitlements for <IDEDistributionItem: 0x7fee9aff96d0 'com.apple.dt.runtime.swiftCoreLocation' '<DVTFilePath:0x7feea2491b70:'/Users/ozanmirza/Library/Developer/Xcode/Archives/2019-01-27/Quick Weather 1-27-19, 4.07 PM.xcarchive/Products/Applications/Quick Weather.app/Contents/Frameworks/libswiftCoreLocation.dylib'>'>: {
}
2019-01-27 21:08:25 +0000  Writing entitlements for <IDEDistributionItem: 0x7fee9aff96d0 'com.apple.dt.runtime.swiftCoreLocation' '<DVTFilePath:0x7feea2491b70:'/Users/ozanmirza/Library/Developer/Xcode/Archives/2019-01-27/Quick Weather 1-27-19, 4.07 PM.xcarchive/Products/Applications/Quick Weather.app/Contents/Frameworks/libswiftCoreLocation.dylib'>'> to: /var/folders/rh/520xs81j4xnb4j6wgfn12tf00000gn/T/XcodeDistPipeline.Wcf/entitlementspuu6UV
2019-01-27 21:08:25 +0000  Running /usr/bin/codesign '-vvv' '--force' '--sign' '95E48E0337B7CEE63F2E380AD975152F1EE59812' '--entitlements' '/var/folders/rh/520xs81j4xnb4j6wgfn12tf00000gn/T/XcodeDistPipeline.Wcf/entitlementspuu6UV' '--preserve-metadata=identifier,flags,runtime' '--requirements' '=designated => anchor apple generic  and identifier "$self.identifier" and ((cert leaf[field.1.2.840.113635.100.6.1.9] exists) or ( certificate 1[field.1.2.840.113635.100.6.2.6] exists and certificate leaf[field.1.2.840.113635.100.6.1.13] exists  and certificate leaf[subject.OU] = "QXNMG5R4EQ" ))' '/var/folders/rh/520xs81j4xnb4j6wgfn12tf00000gn/T/XcodeDistPipeline.Wcf/Root/Applications/Quick Weather.app/Contents/Frameworks/libswiftCoreLocation.dylib'
2019-01-27 21:08:25 +0000  /var/folders/rh/520xs81j4xnb4j6wgfn12tf00000gn/T/XcodeDistPipeline.Wcf/Root/Applications/Quick Weather.app/Contents/Frameworks/libswiftCoreLocation.dylib: replacing existing signature
2019-01-27 21:08:25 +0000  /var/folders/rh/520xs81j4xnb4j6wgfn12tf00000gn/T/XcodeDistPipeline.Wcf/Root/Applications/Quick Weather.app/Contents/Frameworks/libswiftCoreLocation.dylib: signed Mach-O thin (x86_64) [com.apple.dt.runtime.swiftCoreLocation]
2019-01-27 21:08:25 +0000  /usr/bin/codesign exited with 0
2019-01-27 21:08:25 +0000  Entitlements for <IDEDistributionItem: 0x7feea1984ce0 'com.apple.dt.runtime.swiftDarwin' '<DVTFilePath:0x7feea2478030:'/Users/ozanmirza/Library/Developer/Xcode/Archives/2019-01-27/Quick Weather 1-27-19, 4.07 PM.xcarchive/Products/Applications/Quick Weather.app/Contents/Frameworks/libswiftDarwin.dylib'>'>: {
}
2019-01-27 21:08:25 +0000  Writing entitlements for <IDEDistributionItem: 0x7feea1984ce0 'com.apple.dt.runtime.swiftDarwin' '<DVTFilePath:0x7feea2478030:'/Users/ozanmirza/Library/Developer/Xcode/Archives/2019-01-27/Quick Weather 1-27-19, 4.07 PM.xcarchive/Products/Applications/Quick Weather.app/Contents/Frameworks/libswiftDarwin.dylib'>'> to: /var/folders/rh/520xs81j4xnb4j6wgfn12tf00000gn/T/XcodeDistPipeline.Wcf/entitlementsiET5z0
2019-01-27 21:08:25 +0000  Running /usr/bin/codesign '-vvv' '--force' '--sign' '95E48E0337B7CEE63F2E380AD975152F1EE59812' '--entitlements' '/var/folders/rh/520xs81j4xnb4j6wgfn12tf00000gn/T/XcodeDistPipeline.Wcf/entitlementsiET5z0' '--preserve-metadata=identifier,flags,runtime' '--requirements' '=designated => anchor apple generic  and identifier "$self.identifier" and ((cert leaf[field.1.2.840.113635.100.6.1.9] exists) or ( certificate 1[field.1.2.840.113635.100.6.2.6] exists and certificate leaf[field.1.2.840.113635.100.6.1.13] exists  and certificate leaf[subject.OU] = "QXNMG5R4EQ" ))' '/var/folders/rh/520xs81j4xnb4j6wgfn12tf00000gn/T/XcodeDistPipeline.Wcf/Root/Applications/Quick Weather.app/Contents/Frameworks/libswiftDarwin.dylib'
2019-01-27 21:08:25 +0000  /var/folders/rh/520xs81j4xnb4j6wgfn12tf00000gn/T/XcodeDistPipeline.Wcf/Root/Applications/Quick Weather.app/Contents/Frameworks/libswiftDarwin.dylib: replacing existing signature
2019-01-27 21:08:25 +0000  /var/folders/rh/520xs81j4xnb4j6wgfn12tf00000gn/T/XcodeDistPipeline.Wcf/Root/Applications/Quick Weather.app/Contents/Frameworks/libswiftDarwin.dylib: signed Mach-O thin (x86_64) [com.apple.dt.runtime.swiftDarwin]
2019-01-27 21:08:25 +0000  /usr/bin/codesign exited with 0
2019-01-27 21:08:25 +0000  Entitlements for <IDEDistributionItem: 0x7feea3724270 'com.apple.dt.runtime.swiftDispatch' '<DVTFilePath:0x7feea3780ee0:'/Users/ozanmirza/Library/Developer/Xcode/Archives/2019-01-27/Quick Weather 1-27-19, 4.07 PM.xcarchive/Products/Applications/Quick Weather.app/Contents/Frameworks/libswiftDispatch.dylib'>'>: {
}
2019-01-27 21:08:25 +0000  Writing entitlements for <IDEDistributionItem: 0x7feea3724270 'com.apple.dt.runtime.swiftDispatch' '<DVTFilePath:0x7feea3780ee0:'/Users/ozanmirza/Library/Developer/Xcode/Archives/2019-01-27/Quick Weather 1-27-19, 4.07 PM.xcarchive/Products/Applications/Quick Weather.app/Contents/Frameworks/libswiftDispatch.dylib'>'> to: /var/folders/rh/520xs81j4xnb4j6wgfn12tf00000gn/T/XcodeDistPipeline.Wcf/entitlementsWNYAd9
2019-01-27 21:08:25 +0000  Running /usr/bin/codesign '-vvv' '--force' '--sign' '95E48E0337B7CEE63F2E380AD975152F1EE59812' '--entitlements' '/var/folders/rh/520xs81j4xnb4j6wgfn12tf00000gn/T/XcodeDistPipeline.Wcf/entitlementsWNYAd9' '--preserve-metadata=identifier,flags,runtime' '--requirements' '=designated => anchor apple generic  and identifier "$self.identifier" and ((cert leaf[field.1.2.840.113635.100.6.1.9] exists) or ( certificate 1[field.1.2.840.113635.100.6.2.6] exists and certificate leaf[field.1.2.840.113635.100.6.1.13] exists  and certificate leaf[subject.OU] = "QXNMG5R4EQ" ))' '/var/folders/rh/520xs81j4xnb4j6wgfn12tf00000gn/T/XcodeDistPipeline.Wcf/Root/Applications/Quick Weather.app/Contents/Frameworks/libswiftDispatch.dylib'
2019-01-27 21:08:25 +0000  /var/folders/rh/520xs81j4xnb4j6wgfn12tf00000gn/T/XcodeDistPipeline.Wcf/Root/Applications/Quick Weather.app/Contents/Frameworks/libswiftDispatch.dylib: replacing existing signature
2019-01-27 21:08:25 +0000  /var/folders/rh/520xs81j4xnb4j6wgfn12tf00000gn/T/XcodeDistPipeline.Wcf/Root/Applications/Quick Weather.app/Contents/Frameworks/libswiftDispatch.dylib: signed Mach-O thin (x86_64) [com.apple.dt.runtime.swiftDispatch]
2019-01-27 21:08:25 +0000  /usr/bin/codesign exited with 0
2019-01-27 21:08:25 +0000  Entitlements for <IDEDistributionItem: 0x7feea2b44490 'com.apple.dt.runtime.swiftFoundation' '<DVTFilePath:0x7feea2487430:'/Users/ozanmirza/Library/Developer/Xcode/Archives/2019-01-27/Quick Weather 1-27-19, 4.07 PM.xcarchive/Products/Applications/Quick Weather.app/Contents/Frameworks/libswiftFoundation.dylib'>'>: {
}
2019-01-27 21:08:25 +0000  Writing entitlements for <IDEDistributionItem: 0x7feea2b44490 'com.apple.dt.runtime.swiftFoundation' '<DVTFilePath:0x7feea2487430:'/Users/ozanmirza/Library/Developer/Xcode/Archives/2019-01-27/Quick Weather 1-27-19, 4.07 PM.xcarchive/Products/Applications/Quick Weather.app/Contents/Frameworks/libswiftFoundation.dylib'>'> to: /var/folders/rh/520xs81j4xnb4j6wgfn12tf00000gn/T/XcodeDistPipeline.Wcf/entitlementsp5kCgp
2019-01-27 21:08:25 +0000  Running /usr/bin/codesign '-vvv' '--force' '--sign' '95E48E0337B7CEE63F2E380AD975152F1EE59812' '--entitlements' '/var/folders/rh/520xs81j4xnb4j6wgfn12tf00000gn/T/XcodeDistPipeline.Wcf/entitlementsp5kCgp' '--preserve-metadata=identifier,flags,runtime' '--requirements' '=designated => anchor apple generic  and identifier "$self.identifier" and ((cert leaf[field.1.2.840.113635.100.6.1.9] exists) or ( certificate 1[field.1.2.840.113635.100.6.2.6] exists and certificate leaf[field.1.2.840.113635.100.6.1.13] exists  and certificate leaf[subject.OU] = "QXNMG5R4EQ" ))' '/var/folders/rh/520xs81j4xnb4j6wgfn12tf00000gn/T/XcodeDistPipeline.Wcf/Root/Applications/Quick Weather.app/Contents/Frameworks/libswiftFoundation.dylib'
2019-01-27 21:08:25 +0000  /var/folders/rh/520xs81j4xnb4j6wgfn12tf00000gn/T/XcodeDistPipeline.Wcf/Root/Applications/Quick Weather.app/Contents/Frameworks/libswiftFoundation.dylib: replacing existing signature
2019-01-27 21:08:25 +0000  /var/folders/rh/520xs81j4xnb4j6wgfn12tf00000gn/T/XcodeDistPipeline.Wcf/Root/Applications/Quick Weather.app/Contents/Frameworks/libswiftFoundation.dylib: signed Mach-O thin (x86_64) [com.apple.dt.runtime.swiftFoundation]
2019-01-27 21:08:25 +0000  /usr/bin/codesign exited with 0
2019-01-27 21:08:25 +0000  Entitlements for <IDEDistributionItem: 0x7feea3727870 'com.apple.dt.runtime.swiftIOKit' '<DVTFilePath:0x7feea1e7d0a0:'/Users/ozanmirza/Library/Developer/Xcode/Archives/2019-01-27/Quick Weather 1-27-19, 4.07 PM.xcarchive/Products/Applications/Quick Weather.app/Contents/Frameworks/libswiftIOKit.dylib'>'>: {
}
2019-01-27 21:08:25 +0000  Writing entitlements for <IDEDistributionItem: 0x7feea3727870 'com.apple.dt.runtime.swiftIOKit' '<DVTFilePath:0x7feea1e7d0a0:'/Users/ozanmirza/Library/Developer/Xcode/Archives/2019-01-27/Quick Weather 1-27-19, 4.07 PM.xcarchive/Products/Applications/Quick Weather.app/Contents/Frameworks/libswiftIOKit.dylib'>'> to: /var/folders/rh/520xs81j4xnb4j6wgfn12tf00000gn/T/XcodeDistPipeline.Wcf/entitlementsaO0agP
2019-01-27 21:08:25 +0000  Running /usr/bin/codesign '-vvv' '--force' '--sign' '95E48E0337B7CEE63F2E380AD975152F1EE59812' '--entitlements' '/var/folders/rh/520xs81j4xnb4j6wgfn12tf00000gn/T/XcodeDistPipeline.Wcf/entitlementsaO0agP' '--preserve-metadata=identifier,flags,runtime' '--requirements' '=designated => anchor apple generic  and identifier "$self.identifier" and ((cert leaf[field.1.2.840.113635.100.6.1.9] exists) or ( certificate 1[field.1.2.840.113635.100.6.2.6] exists and certificate leaf[field.1.2.840.113635.100.6.1.13] exists  and certificate leaf[subject.OU] = "QXNMG5R4EQ" ))' '/var/folders/rh/520xs81j4xnb4j6wgfn12tf00000gn/T/XcodeDistPipeline.Wcf/Root/Applications/Quick Weather.app/Contents/Frameworks/libswiftIOKit.dylib'
2019-01-27 21:08:25 +0000  /var/folders/rh/520xs81j4xnb4j6wgfn12tf00000gn/T/XcodeDistPipeline.Wcf/Root/Applications/Quick Weather.app/Contents/Frameworks/libswiftIOKit.dylib: replacing existing signature
2019-01-27 21:08:25 +0000  /var/folders/rh/520xs81j4xnb4j6wgfn12tf00000gn/T/XcodeDistPipeline.Wcf/Root/Applications/Quick Weather.app/Contents/Frameworks/libswiftIOKit.dylib: signed Mach-O thin (x86_64) [com.apple.dt.runtime.swiftIOKit]
2019-01-27 21:08:25 +0000  /usr/bin/codesign exited with 0
2019-01-27 21:08:25 +0000  Entitlements for <IDEDistributionItem: 0x7feea22aebc0 'com.apple.dt.runtime.swiftMetal' '<DVTFilePath:0x7fee9e8415b0:'/Users/ozanmirza/Library/Developer/Xcode/Archives/2019-01-27/Quick Weather 1-27-19, 4.07 PM.xcarchive/Products/Applications/Quick Weather.app/Contents/Frameworks/libswiftMetal.dylib'>'>: {
}
2019-01-27 21:08:25 +0000  Writing entitlements for <IDEDistributionItem: 0x7feea22aebc0 'com.apple.dt.runtime.swiftMetal' '<DVTFilePath:0x7fee9e8415b0:'/Users/ozanmirza/Library/Developer/Xcode/Archives/2019-01-27/Quick Weather 1-27-19, 4.07 PM.xcarchive/Products/Applications/Quick Weather.app/Contents/Frameworks/libswiftMetal.dylib'>'> to: /var/folders/rh/520xs81j4xnb4j6wgfn12tf00000gn/T/XcodeDistPipeline.Wcf/entitlementstrqbSn
2019-01-27 21:08:25 +0000  Running /usr/bin/codesign '-vvv' '--force' '--sign' '95E48E0337B7CEE63F2E380AD975152F1EE59812' '--entitlements' '/var/folders/rh/520xs81j4xnb4j6wgfn12tf00000gn/T/XcodeDistPipeline.Wcf/entitlementstrqbSn' '--preserve-metadata=identifier,flags,runtime' '--requirements' '=designated => anchor apple generic  and identifier "$self.identifier" and ((cert leaf[field.1.2.840.113635.100.6.1.9] exists) or ( certificate 1[field.1.2.840.113635.100.6.2.6] exists and certificate leaf[field.1.2.840.113635.100.6.1.13] exists  and certificate leaf[subject.OU] = "QXNMG5R4EQ" ))' '/var/folders/rh/520xs81j4xnb4j6wgfn12tf00000gn/T/XcodeDistPipeline.Wcf/Root/Applications/Quick Weather.app/Contents/Frameworks/libswiftMetal.dylib'
2019-01-27 21:08:25 +0000  /var/folders/rh/520xs81j4xnb4j6wgfn12tf00000gn/T/XcodeDistPipeline.Wcf/Root/Applications/Quick Weather.app/Contents/Frameworks/libswiftMetal.dylib: replacing existing signature
2019-01-27 21:08:25 +0000  /var/folders/rh/520xs81j4xnb4j6wgfn12tf00000gn/T/XcodeDistPipeline.Wcf/Root/Applications/Quick Weather.app/Contents/Frameworks/libswiftMetal.dylib: signed Mach-O thin (x86_64) [com.apple.dt.runtime.swiftMetal]
2019-01-27 21:08:25 +0000  /usr/bin/codesign exited with 0
2019-01-27 21:08:25 +0000  Entitlements for <IDEDistributionItem: 0x7feea202f480 'com.apple.dt.runtime.swiftObjectiveC' '<DVTFilePath:0x7feea283a540:'/Users/ozanmirza/Library/Developer/Xcode/Archives/2019-01-27/Quick Weather 1-27-19, 4.07 PM.xcarchive/Products/Applications/Quick Weather.app/Contents/Frameworks/libswiftObjectiveC.dylib'>'>: {
}
2019-01-27 21:08:25 +0000  Writing entitlements for <IDEDistributionItem: 0x7feea202f480 'com.apple.dt.runtime.swiftObjectiveC' '<DVTFilePath:0x7feea283a540:'/Users/ozanmirza/Library/Developer/Xcode/Archives/2019-01-27/Quick Weather 1-27-19, 4.07 PM.xcarchive/Products/Applications/Quick Weather.app/Contents/Frameworks/libswiftObjectiveC.dylib'>'> to: /var/folders/rh/520xs81j4xnb4j6wgfn12tf00000gn/T/XcodeDistPipeline.Wcf/entitlementsgpkfhv
2019-01-27 21:08:25 +0000  Running /usr/bin/codesign '-vvv' '--force' '--sign' '95E48E0337B7CEE63F2E380AD975152F1EE59812' '--entitlements' '/var/folders/rh/520xs81j4xnb4j6wgfn12tf00000gn/T/XcodeDistPipeline.Wcf/entitlementsgpkfhv' '--preserve-metadata=identifier,flags,runtime' '--requirements' '=designated => anchor apple generic  and identifier "$self.identifier" and ((cert leaf[field.1.2.840.113635.100.6.1.9] exists) or ( certificate 1[field.1.2.840.113635.100.6.2.6] exists and certificate leaf[field.1.2.840.113635.100.6.1.13] exists  and certificate leaf[subject.OU] = "QXNMG5R4EQ" ))' '/var/folders/rh/520xs81j4xnb4j6wgfn12tf00000gn/T/XcodeDistPipeline.Wcf/Root/Applications/Quick Weather.app/Contents/Frameworks/libswiftObjectiveC.dylib'
2019-01-27 21:08:25 +0000  /var/folders/rh/520xs81j4xnb4j6wgfn12tf00000gn/T/XcodeDistPipeline.Wcf/Root/Applications/Quick Weather.app/Contents/Frameworks/libswiftObjectiveC.dylib: replacing existing signature
2019-01-27 21:08:25 +0000  /var/folders/rh/520xs81j4xnb4j6wgfn12tf00000gn/T/XcodeDistPipeline.Wcf/Root/Applications/Quick Weather.app/Contents/Frameworks/libswiftObjectiveC.dylib: signed Mach-O thin (x86_64) [com.apple.dt.runtime.swiftObjectiveC]
2019-01-27 21:08:25 +0000  /usr/bin/codesign exited with 0
2019-01-27 21:08:25 +0000  Entitlements for <IDEDistributionItem: 0x7fee9c44e860 'com.apple.dt.runtime.swiftQuartzCore' '<DVTFilePath:0x7feea1570940:'/Users/ozanmirza/Library/Developer/Xcode/Archives/2019-01-27/Quick Weather 1-27-19, 4.07 PM.xcarchive/Products/Applications/Quick Weather.app/Contents/Frameworks/libswiftQuartzCore.dylib'>'>: {
}
2019-01-27 21:08:25 +0000  Writing entitlements for <IDEDistributionItem: 0x7fee9c44e860 'com.apple.dt.runtime.swiftQuartzCore' '<DVTFilePath:0x7feea1570940:'/Users/ozanmirza/Library/Developer/Xcode/Archives/2019-01-27/Quick Weather 1-27-19, 4.07 PM.xcarchive/Products/Applications/Quick Weather.app/Contents/Frameworks/libswiftQuartzCore.dylib'>'> to: /var/folders/rh/520xs81j4xnb4j6wgfn12tf00000gn/T/XcodeDistPipeline.Wcf/entitlementsF28cY3
2019-01-27 21:08:25 +0000  Running /usr/bin/codesign '-vvv' '--force' '--sign' '95E48E0337B7CEE63F2E380AD975152F1EE59812' '--entitlements' '/var/folders/rh/520xs81j4xnb4j6wgfn12tf00000gn/T/XcodeDistPipeline.Wcf/entitlementsF28cY3' '--preserve-metadata=identifier,flags,runtime' '--requirements' '=designated => anchor apple generic  and identifier "$self.identifier" and ((cert leaf[field.1.2.840.113635.100.6.1.9] exists) or ( certificate 1[field.1.2.840.113635.100.6.2.6] exists and certificate leaf[field.1.2.840.113635.100.6.1.13] exists  and certificate leaf[subject.OU] = "QXNMG5R4EQ" ))' '/var/folders/rh/520xs81j4xnb4j6wgfn12tf00000gn/T/XcodeDistPipeline.Wcf/Root/Applications/Quick Weather.app/Contents/Frameworks/libswiftQuartzCore.dylib'
2019-01-27 21:08:26 +0000  /var/folders/rh/520xs81j4xnb4j6wgfn12tf00000gn/T/XcodeDistPipeline.Wcf/Root/Applications/Quick Weather.app/Contents/Frameworks/libswiftQuartzCore.dylib: replacing existing signature
2019-01-27 21:08:26 +0000  /var/folders/rh/520xs81j4xnb4j6wgfn12tf00000gn/T/XcodeDistPipeline.Wcf/Root/Applications/Quick Weather.app/Contents/Frameworks/libswiftQuartzCore.dylib: signed Mach-O thin (x86_64) [com.apple.dt.runtime.swiftQuartzCore]
2019-01-27 21:08:26 +0000  /usr/bin/codesign exited with 0
2019-01-27 21:08:26 +0000  Entitlements for <IDEDistributionItem: 0x7feea373f130 'com.apple.dt.runtime.swiftXPC' '<DVTFilePath:0x7feea2a41790:'/Users/ozanmirza/Library/Developer/Xcode/Archives/2019-01-27/Quick Weather 1-27-19, 4.07 PM.xcarchive/Products/Applications/Quick Weather.app/Contents/Frameworks/libswiftXPC.dylib'>'>: {
}
2019-01-27 21:08:26 +0000  Writing entitlements for <IDEDistributionItem: 0x7feea373f130 'com.apple.dt.runtime.swiftXPC' '<DVTFilePath:0x7feea2a41790:'/Users/ozanmirza/Library/Developer/Xcode/Archives/2019-01-27/Quick Weather 1-27-19, 4.07 PM.xcarchive/Products/Applications/Quick Weather.app/Contents/Frameworks/libswiftXPC.dylib'>'> to: /var/folders/rh/520xs81j4xnb4j6wgfn12tf00000gn/T/XcodeDistPipeline.Wcf/entitlementsHxJiCF
2019-01-27 21:08:26 +0000  Running /usr/bin/codesign '-vvv' '--force' '--sign' '95E48E0337B7CEE63F2E380AD975152F1EE59812' '--entitlements' '/var/folders/rh/520xs81j4xnb4j6wgfn12tf00000gn/T/XcodeDistPipeline.Wcf/entitlementsHxJiCF' '--preserve-metadata=identifier,flags,runtime' '--requirements' '=designated => anchor apple generic  and identifier "$self.identifier" and ((cert leaf[field.1.2.840.113635.100.6.1.9] exists) or ( certificate 1[field.1.2.840.113635.100.6.2.6] exists and certificate leaf[field.1.2.840.113635.100.6.1.13] exists  and certificate leaf[subject.OU] = "QXNMG5R4EQ" ))' '/var/folders/rh/520xs81j4xnb4j6wgfn12tf00000gn/T/XcodeDistPipeline.Wcf/Root/Applications/Quick Weather.app/Contents/Frameworks/libswiftXPC.dylib'
2019-01-27 21:08:26 +0000  /var/folders/rh/520xs81j4xnb4j6wgfn12tf00000gn/T/XcodeDistPipeline.Wcf/Root/Applications/Quick Weather.app/Contents/Frameworks/libswiftXPC.dylib: replacing existing signature
2019-01-27 21:08:26 +0000  /var/folders/rh/520xs81j4xnb4j6wgfn12tf00000gn/T/XcodeDistPipeline.Wcf/Root/Applications/Quick Weather.app/Contents/Frameworks/libswiftXPC.dylib: signed Mach-O thin (x86_64) [com.apple.dt.runtime.swiftXPC]
2019-01-27 21:08:26 +0000  /usr/bin/codesign exited with 0
2019-01-27 21:08:26 +0000  Entitlements for <IDEDistributionItem: 0x7fee9c44c920 'com.apple.dt.runtime.swiftos' '<DVTFilePath:0x7feea1e92cd0:'/Users/ozanmirza/Library/Developer/Xcode/Archives/2019-01-27/Quick Weather 1-27-19, 4.07 PM.xcarchive/Products/Applications/Quick Weather.app/Contents/Frameworks/libswiftos.dylib'>'>: {
}
2019-01-27 21:08:26 +0000  Writing entitlements for <IDEDistributionItem: 0x7fee9c44c920 'com.apple.dt.runtime.swiftos' '<DVTFilePath:0x7feea1e92cd0:'/Users/ozanmirza/Library/Developer/Xcode/Archives/2019-01-27/Quick Weather 1-27-19, 4.07 PM.xcarchive/Products/Applications/Quick Weather.app/Contents/Frameworks/libswiftos.dylib'>'> to: /var/folders/rh/520xs81j4xnb4j6wgfn12tf00000gn/T/XcodeDistPipeline.Wcf/entitlements93Dkg5
2019-01-27 21:08:26 +0000  Running /usr/bin/codesign '-vvv' '--force' '--sign' '95E48E0337B7CEE63F2E380AD975152F1EE59812' '--entitlements' '/var/folders/rh/520xs81j4xnb4j6wgfn12tf00000gn/T/XcodeDistPipeline.Wcf/entitlements93Dkg5' '--preserve-metadata=identifier,flags,runtime' '--requirements' '=designated => anchor apple generic  and identifier "$self.identifier" and ((cert leaf[field.1.2.840.113635.100.6.1.9] exists) or ( certificate 1[field.1.2.840.113635.100.6.2.6] exists and certificate leaf[field.1.2.840.113635.100.6.1.13] exists  and certificate leaf[subject.OU] = "QXNMG5R4EQ" ))' '/var/folders/rh/520xs81j4xnb4j6wgfn12tf00000gn/T/XcodeDistPipeline.Wcf/Root/Applications/Quick Weather.app/Contents/Frameworks/libswiftos.dylib'
2019-01-27 21:08:26 +0000  /var/folders/rh/520xs81j4xnb4j6wgfn12tf00000gn/T/XcodeDistPipeline.Wcf/Root/Applications/Quick Weather.app/Contents/Frameworks/libswiftos.dylib: replacing existing signature
2019-01-27 21:08:26 +0000  /var/folders/rh/520xs81j4xnb4j6wgfn12tf00000gn/T/XcodeDistPipeline.Wcf/Root/Applications/Quick Weather.app/Contents/Frameworks/libswiftos.dylib: signed Mach-O thin (x86_64) [com.apple.dt.runtime.swiftos]
2019-01-27 21:08:26 +0000  /usr/bin/codesign exited with 0
2019-01-27 21:08:26 +0000  Entitlements for <IDEDistributionItem: 0x7fee9c426b60 'com.burcumirza.Quick-Weather-MAC' '<DVTFilePath:0x7feea20c3030:'/Users/ozanmirza/Library/Developer/Xcode/Archives/2019-01-27/Quick Weather 1-27-19, 4.07 PM.xcarchive/Products/Applications/Quick Weather.app'>'>: {
    "com.apple.security.app-sandbox" = 1;
    "com.apple.security.files.user-selected.read-only" = 1;
    "com.apple.security.network.client" = 1;
    "com.apple.security.network.server" = 1;
    "com.apple.security.personal-information.location" = 1;
}
2019-01-27 21:08:26 +0000  Writing entitlements for <IDEDistributionItem: 0x7fee9c426b60 'com.burcumirza.Quick-Weather-MAC' '<DVTFilePath:0x7feea20c3030:'/Users/ozanmirza/Library/Developer/Xcode/Archives/2019-01-27/Quick Weather 1-27-19, 4.07 PM.xcarchive/Products/Applications/Quick Weather.app'>'> to: /var/folders/rh/520xs81j4xnb4j6wgfn12tf00000gn/T/XcodeDistPipeline.Wcf/entitlementsKZffei
2019-01-27 21:08:26 +0000  Running /usr/bin/codesign '-vvv' '--force' '--sign' '95E48E0337B7CEE63F2E380AD975152F1EE59812' '--entitlements' '/var/folders/rh/520xs81j4xnb4j6wgfn12tf00000gn/T/XcodeDistPipeline.Wcf/entitlementsKZffei' '--preserve-metadata=identifier,flags,runtime' '--requirements' '=designated => anchor apple generic  and identifier "$self.identifier" and ((cert leaf[field.1.2.840.113635.100.6.1.9] exists) or ( certificate 1[field.1.2.840.113635.100.6.2.6] exists and certificate leaf[field.1.2.840.113635.100.6.1.13] exists  and certificate leaf[subject.OU] = "QXNMG5R4EQ" ))' '/var/folders/rh/520xs81j4xnb4j6wgfn12tf00000gn/T/XcodeDistPipeline.Wcf/Root/Applications/Quick Weather.app'
2019-01-27 21:08:26 +0000  /var/folders/rh/520xs81j4xnb4j6wgfn12tf00000gn/T/XcodeDistPipeline.Wcf/Root/Applications/Quick Weather.app: replacing existing signature
2019-01-27 21:08:26 +0000  /var/folders/rh/520xs81j4xnb4j6wgfn12tf00000gn/T/XcodeDistPipeline.Wcf/Root/Applications/Quick Weather.app: signed app bundle with Mach-O thin (x86_64) [com.burcumirza.Quick-Weather-MAC]
2019-01-27 21:08:26 +0000  /usr/bin/codesign exited with 0
2019-01-27 21:08:26 +0000  Processing step: IDEDistributionZipODRItemStep
2019-01-27 21:08:26 +0000  Skipping step: IDEDistributionZipODRItemStep because it said so
2019-01-27 21:08:26 +0000  Skipping step: IDEDistributionZipODRItemStep because it said so
2019-01-27 21:08:26 +0000  Skipping step: IDEDistributionZipODRItemStep because it said so
2019-01-27 21:08:26 +0000  Skipping step: IDEDistributionZipODRItemStep because it said so
2019-01-27 21:08:26 +0000  Skipping step: IDEDistributionZipODRItemStep because it said so
2019-01-27 21:08:26 +0000  Skipping step: IDEDistributionZipODRItemStep because it said so
2019-01-27 21:08:26 +0000  Skipping step: IDEDistributionZipODRItemStep because it said so
2019-01-27 21:08:26 +0000  Skipping step: IDEDistributionZipODRItemStep because it said so
2019-01-27 21:08:26 +0000  Skipping step: IDEDistributionZipODRItemStep because it said so
2019-01-27 21:08:26 +0000  Skipping step: IDEDistributionZipODRItemStep because it said so
2019-01-27 21:08:26 +0000  Skipping step: IDEDistributionZipODRItemStep because it said so
2019-01-27 21:08:26 +0000  Skipping step: IDEDistributionZipODRItemStep because it said so
2019-01-27 21:08:26 +0000  Skipping step: IDEDistributionZipODRItemStep because it said so
2019-01-27 21:08:26 +0000  Skipping step: IDEDistributionZipODRItemStep because it said so
2019-01-27 21:08:26 +0000  Skipping step: IDEDistributionZipODRItemStep because it said so
2019-01-27 21:08:26 +0000  Skipping step: IDEDistributionZipODRItemStep because it said so
2019-01-27 21:08:26 +0000  Skipping step: IDEDistributionZipODRItemStep because it said so
2019-01-27 21:08:26 +0000  Processing step: IDEDistributionSkipPackagingStep
2019-01-27 21:08:26 +0000  Processing step: IDEDistributionAppStoreInformationStep
2019-01-27 21:08:26 +0000  Skipping step: IDEDistributionAppStoreInformationStep because it said so
2019-01-27 21:08:26 +0000  Processing step: IDEDistributionCreateManifestStep
2019-01-27 21:08:26 +0000  Skipping step: IDEDistributionCreateManifestStep because it said so
