2019-02-18 04:09:08 +0000  Initial pipeline context: <IDEDistributionProcessingPipelineContext: 0x7fa3d1c29db0; archive(resolved)='<IDEArchive: 0x7fa4004af890>', distributionTask(resolved)='2', distributionDestination(resolved)='1', distributionMethod(resolved)='<IDEDistributionMethodMacAppStoreDistribution: 0x7fa401469f50>', team(resolved)='<IDEProvisioningDisambiguatableBasicTeam: 0x7fa3f6e73090; teamID='QXNMG5R4EQ', teamName='Burcu Mirza', teamType='Individual', username='burcu.mirza@gmail.com', isFreeProvisioningTeam='0'>'>
	Chain (12, self inclusive):
	<IDEDistributionProcessingPipelineContext: 0x7fa3d1c29db0; archive = '<IDEArchive: 0x7fa4004af890>', distributionMethod='<IDEDistributionMethodMacAppStoreDistribution: 0x7fa401469f50>', team='<IDEProvisioningDisambiguatableBasicTeam: 0x7fa3f6e73090; teamID='QXNMG5R4EQ', teamName='Burcu Mirza', teamType='Individual', username='burcu.mirza@gmail.com', isFreeProvisioningTeam='0'>'>
	<IDEDistributionProcessingPipelineContext: 0x7fa3f04c0890; archive = '<IDEArchive: 0x7fa4004af890>', distributionMethod='<IDEDistributionMethodMacAppStoreDistribution: 0x7fa401469f50>', team='<IDEProvisioningDisambiguatableBasicTeam: 0x7fa3f6e73090; teamID='QXNMG5R4EQ', teamName='Burcu Mirza', teamType='Individual', username='burcu.mirza@gmail.com', isFreeProvisioningTeam='0'>'>
	<IDEDistributionContext: 0x7fa3d1c30040; archive = '<IDEArchive: 0x7fa4004af890>', distributionMethod='<IDEDistributionMethodMacAppStoreDistribution: 0x7fa401469f50>', team='<IDEProvisioningDisambiguatableBasicTeam: 0x7fa3f6e73090; teamID='QXNMG5R4EQ', teamName='Burcu Mirza', teamType='Individual', username='burcu.mirza@gmail.com', isFreeProvisioningTeam='0'>'>
	<IDEDistributionContext: 0x7fa3e3cc8c90; archive = '<IDEArchive: 0x7fa4004af890>', distributionMethod='<IDEDistributionMethodMacAppStoreDistribution: 0x7fa401469f50>', team='<IDEProvisioningDisambiguatableBasicTeam: 0x7fa3f6e73090; teamID='QXNMG5R4EQ', teamName='Burcu Mirza', teamType='Individual', username='burcu.mirza@gmail.com', isFreeProvisioningTeam='0'>'>
	<IDEDistributionContext: 0x7fa3d2a5eb70; archive = '<IDEArchive: 0x7fa4004af890>', distributionMethod='<IDEDistributionMethodMacAppStoreDistribution: 0x7fa401469f50>', team='<IDEProvisioningDisambiguatableBasicTeam: 0x7fa3f6e73090; teamID='QXNMG5R4EQ', teamName='Burcu Mirza', teamType='Individual', username='burcu.mirza@gmail.com', isFreeProvisioningTeam='0'>'>
	<IDEDistributionContext: 0x7fa3e1e3e970; archive = '<IDEArchive: 0x7fa4004af890>', distributionMethod='<IDEDistributionMethodMacAppStoreDistribution: 0x7fa401469f50>', team='<IDEProvisioningDisambiguatableBasicTeam: 0x7fa3f6e73090; teamID='QXNMG5R4EQ', teamName='Burcu Mirza', teamType='Individual', username='burcu.mirza@gmail.com', isFreeProvisioningTeam='0'>'>
	<IDEDistributionContext: 0x7fa3f06e11c0; archive = '<IDEArchive: 0x7fa4004af890>', distributionMethod='<IDEDistributionMethodMacAppStoreDistribution: 0x7fa401469f50>', team='<IDEProvisioningDisambiguatableBasicTeam: 0x7fa3f6e73090; teamID='QXNMG5R4EQ', teamName='Burcu Mirza', teamType='Individual', username='burcu.mirza@gmail.com', isFreeProvisioningTeam='0'>'>
	<IDEDistributionContext: 0x7fa3d1ce9aa0; archive = '<IDEArchive: 0x7fa4004af890>', distributionMethod='<IDEDistributionMethodMacAppStoreDistribution: 0x7fa401469f50>', team='<IDEProvisioningDisambiguatableBasicTeam: 0x7fa3f6e73090; teamID='QXNMG5R4EQ', teamName='Burcu Mirza', teamType='Individual', username='burcu.mirza@gmail.com', isFreeProvisioningTeam='0'>'>
	<IDEDistributionContext: 0x7fa3d341c090; archive = '<IDEArchive: 0x7fa4004af890>', distributionMethod='<IDEDistributionMethodMacAppStoreDistribution: 0x7fa401469f50>', team='<IDEProvisioningDisambiguatableBasicTeam: 0x7fa3f6e73090; teamID='QXNMG5R4EQ', teamName='Burcu Mirza', teamType='Individual', username='burcu.mirza@gmail.com', isFreeProvisioningTeam='0'>'>
	<IDEDistributionContext: 0x7fa3d3401bf0; archive = '<IDEArchive: 0x7fa4004af890>', distributionMethod='<IDEDistributionMethodMacAppStoreDistribution: 0x7fa401469f50>', team='(null)'>
	<IDEDistributionContext: 0x7fa3efcc7a20; archive = '<IDEArchive: 0x7fa4004af890>', distributionMethod='<IDEDistributionMethodMacAppStoreDistribution: 0x7fa401469f50>', team='(null)'>
	<IDEDistributionContext: 0x7fa3d3412f60; archive = '<IDEArchive: 0x7fa4004af890>', distributionMethod='(null)', team='(null)'>
</IDEDistributionProcessingPipelineContext: 0x7fa3d1c29db0>
2019-02-18 04:09:08 +0000  Processing step: IDEDistributionCreateDestRootStep
2019-02-18 04:09:08 +0000  Processing step: IDEDistributionCopyItemStep
2019-02-18 04:09:08 +0000  Running /usr/bin/ditto '-V' '/Users/ozanmirza/Library/Developer/Xcode/Archives/2019-02-17/Quick Weather-MAC 2-17-19, 10.50 AM.xcarchive/Products/Applications/Quick Weather.app' '/var/folders/rh/520xs81j4xnb4j6wgfn12tf00000gn/T/XcodeDistPipeline.tSc/Root/Applications/Quick Weather.app'
2019-02-18 04:09:08 +0000  >>> Copying /Users/ozanmirza/Library/Developer/Xcode/Archives/2019-02-17/Quick Weather-MAC 2-17-19, 10.50 AM.xcarchive/Products/Applications/Quick Weather.app 
2019-02-18 04:09:08 +0000  copying file ./Contents/_CodeSignature/CodeResources ... 
2019-02-18 04:09:08 +0000  10246 bytes for ./Contents/_CodeSignature/CodeResources
2019-02-18 04:09:08 +0000  copying file ./Contents/MacOS/Quick Weather ... 
2019-02-18 04:09:08 +0000  164608 bytes for ./Contents/MacOS/Quick Weather
2019-02-18 04:09:08 +0000  copying file ./Contents/Resources/AppIcon.icns ... 
2019-02-18 04:09:08 +0000  89842 bytes for ./Contents/Resources/AppIcon.icns
2019-02-18 04:09:08 +0000  copying file ./Contents/Resources/Base.lproj/Main.storyboardc/PopUpViewController.nib ... 
2019-02-18 04:09:08 +0000  1904 bytes for ./Contents/Resources/Base.lproj/Main.storyboardc/PopUpViewController.nib
2019-02-18 04:09:08 +0000  copying file ./Contents/Resources/Base.lproj/Main.storyboardc/MainMenu.nib ... 
2019-02-18 04:09:08 +0000  36364 bytes for ./Contents/Resources/Base.lproj/Main.storyboardc/MainMenu.nib
2019-02-18 04:09:08 +0000  copying file ./Contents/Resources/Base.lproj/Main.storyboardc/XfG-lQ-9wD-view-m2S-Jp-Qdl.nib ... 
2019-02-18 04:09:08 +0000  18101 bytes for ./Contents/Resources/Base.lproj/Main.storyboardc/XfG-lQ-9wD-view-m2S-Jp-Qdl.nib
copying file ./Contents/Resources/Base.lproj/Main.storyboardc/Info.plist ... 
2019-02-18 04:09:08 +0000  295 bytes for ./Contents/Resources/Base.lproj/Main.storyboardc/Info.plist
2019-02-18 04:09:08 +0000  copying file ./Contents/Resources/Assets.car ... 
2019-02-18 04:09:08 +0000  891096 bytes for ./Contents/Resources/Assets.car
2019-02-18 04:09:08 +0000  copying file ./Contents/Frameworks/libswiftAppKit.dylib ... 
2019-02-18 04:09:08 +0000  241232 bytes for ./Contents/Frameworks/libswiftAppKit.dylib
2019-02-18 04:09:08 +0000  copying file ./Contents/Frameworks/libswiftCoreImage.dylib ... 
2019-02-18 04:09:08 +0000  49360 bytes for ./Contents/Frameworks/libswiftCoreImage.dylib
2019-02-18 04:09:08 +0000  copying file ./Contents/Frameworks/libswiftObjectiveC.dylib ... 
2019-02-18 04:09:08 +0000  61008 bytes for ./Contents/Frameworks/libswiftObjectiveC.dylib
2019-02-18 04:09:08 +0000  copying file ./Contents/Frameworks/libswiftXPC.dylib ... 
2019-02-18 04:09:08 +0000  44944 bytes for ./Contents/Frameworks/libswiftXPC.dylib
copying file ./Contents/Frameworks/libswiftCore.dylib ... 
2019-02-18 04:09:08 +0000  6553216 bytes for ./Contents/Frameworks/libswiftCore.dylib
copying file ./Contents/Frameworks/libswiftCoreGraphics.dylib ... 
2019-02-18 04:09:08 +0000  202112 bytes for ./Contents/Frameworks/libswiftCoreGraphics.dylib
copying file ./Contents/Frameworks/libswiftMetal.dylib ... 
2019-02-18 04:09:08 +0000  92400 bytes for ./Contents/Frameworks/libswiftMetal.dylib
2019-02-18 04:09:08 +0000  copying file ./Contents/Frameworks/libswiftCoreData.dylib ... 
2019-02-18 04:09:08 +0000  98400 bytes for ./Contents/Frameworks/libswiftCoreData.dylib
2019-02-18 04:09:08 +0000  copying file ./Contents/Frameworks/libswiftDispatch.dylib ... 
2019-02-18 04:09:08 +0000  345920 bytes for ./Contents/Frameworks/libswiftDispatch.dylib
copying file ./Contents/Frameworks/libswiftos.dylib ... 
2019-02-18 04:09:08 +0000  74624 bytes for ./Contents/Frameworks/libswiftos.dylib
copying file ./Contents/Frameworks/libswiftCoreFoundation.dylib ... 
2019-02-18 04:09:08 +0000  41120 bytes for ./Contents/Frameworks/libswiftCoreFoundation.dylib
copying file ./Contents/Frameworks/libswiftDarwin.dylib ... 
2019-02-18 04:09:08 +0000  106432 bytes for ./Contents/Frameworks/libswiftDarwin.dylib
2019-02-18 04:09:08 +0000  copying file ./Contents/Frameworks/libswiftQuartzCore.dylib ... 
2019-02-18 04:09:08 +0000  58368 bytes for ./Contents/Frameworks/libswiftQuartzCore.dylib
copying file ./Contents/Frameworks/libswiftIOKit.dylib ... 
2019-02-18 04:09:08 +0000  45008 bytes for ./Contents/Frameworks/libswiftIOKit.dylib
copying file ./Contents/Frameworks/libswiftFoundation.dylib ... 
2019-02-18 04:09:08 +0000  3065280 bytes for ./Contents/Frameworks/libswiftFoundation.dylib
2019-02-18 04:09:08 +0000  copying file ./Contents/Frameworks/libswiftCoreLocation.dylib ... 
2019-02-18 04:09:08 +0000  53792 bytes for ./Contents/Frameworks/libswiftCoreLocation.dylib
2019-02-18 04:09:08 +0000  copying file ./Contents/Info.plist ... 
2019-02-18 04:09:08 +0000  2490 bytes for ./Contents/Info.plist
copying file ./Contents/PkgInfo ... 
2019-02-18 04:09:08 +0000  8 bytes for ./Contents/PkgInfo
2019-02-18 04:09:08 +0000  /usr/bin/ditto exited with 0
2019-02-18 04:09:08 +0000  Processing step: IDEDistributionEmbedProfileStep
2019-02-18 04:09:08 +0000  Skipping profile for item: <IDEDistributionItem: 0x7fa3d345e0f0 'com.apple.dt.runtime.swiftAppKit' '<DVTFilePath:0x7fa3d29f63f0:'/Users/ozanmirza/Library/Developer/Xcode/Archives/2019-02-17/Quick Weather-MAC 2-17-19, 10.50 AM.xcarchive/Products/Applications/Quick Weather.app/Contents/Frameworks/libswiftAppKit.dylib'>'>
2019-02-18 04:09:08 +0000  Skipping profile for item: <IDEDistributionItem: 0x7fa3d345e2f0 'com.apple.dt.runtime.swiftCore' '<DVTFilePath:0x7fa3eff7d010:'/Users/ozanmirza/Library/Developer/Xcode/Archives/2019-02-17/Quick Weather-MAC 2-17-19, 10.50 AM.xcarchive/Products/Applications/Quick Weather.app/Contents/Frameworks/libswiftCore.dylib'>'>
2019-02-18 04:09:08 +0000  Skipping profile for item: <IDEDistributionItem: 0x7fa3f1a617c0 'com.apple.dt.runtime.swiftCoreData' '<DVTFilePath:0x7fa3f8f47580:'/Users/ozanmirza/Library/Developer/Xcode/Archives/2019-02-17/Quick Weather-MAC 2-17-19, 10.50 AM.xcarchive/Products/Applications/Quick Weather.app/Contents/Frameworks/libswiftCoreData.dylib'>'>
2019-02-18 04:09:08 +0000  Skipping profile for item: <IDEDistributionItem: 0x7fa3d232a950 'com.apple.dt.runtime.swiftCoreFoundation' '<DVTFilePath:0x7fa3e3d069e0:'/Users/ozanmirza/Library/Developer/Xcode/Archives/2019-02-17/Quick Weather-MAC 2-17-19, 10.50 AM.xcarchive/Products/Applications/Quick Weather.app/Contents/Frameworks/libswiftCoreFoundation.dylib'>'>
2019-02-18 04:09:08 +0000  Skipping profile for item: <IDEDistributionItem: 0x7fa3d3455dc0 'com.apple.dt.runtime.swiftCoreGraphics' '<DVTFilePath:0x7fa3d32c2910:'/Users/ozanmirza/Library/Developer/Xcode/Archives/2019-02-17/Quick Weather-MAC 2-17-19, 10.50 AM.xcarchive/Products/Applications/Quick Weather.app/Contents/Frameworks/libswiftCoreGraphics.dylib'>'>
2019-02-18 04:09:08 +0000  Skipping profile for item: <IDEDistributionItem: 0x7fa3d3465930 'com.apple.dt.runtime.swiftCoreImage' '<DVTFilePath:0x7fa3f1280a60:'/Users/ozanmirza/Library/Developer/Xcode/Archives/2019-02-17/Quick Weather-MAC 2-17-19, 10.50 AM.xcarchive/Products/Applications/Quick Weather.app/Contents/Frameworks/libswiftCoreImage.dylib'>'>
2019-02-18 04:09:08 +0000  Skipping profile for item: <IDEDistributionItem: 0x7fa3d3409810 'com.apple.dt.runtime.swiftCoreLocation' '<DVTFilePath:0x7fa3d1e13730:'/Users/ozanmirza/Library/Developer/Xcode/Archives/2019-02-17/Quick Weather-MAC 2-17-19, 10.50 AM.xcarchive/Products/Applications/Quick Weather.app/Contents/Frameworks/libswiftCoreLocation.dylib'>'>
2019-02-18 04:09:08 +0000  Skipping profile for item: <IDEDistributionItem: 0x7fa3f06e7470 'com.apple.dt.runtime.swiftDarwin' '<DVTFilePath:0x7fa3e3a70d10:'/Users/ozanmirza/Library/Developer/Xcode/Archives/2019-02-17/Quick Weather-MAC 2-17-19, 10.50 AM.xcarchive/Products/Applications/Quick Weather.app/Contents/Frameworks/libswiftDarwin.dylib'>'>
2019-02-18 04:09:08 +0000  Skipping profile for item: <IDEDistributionItem: 0x7fa3e3f4f410 'com.apple.dt.runtime.swiftDispatch' '<DVTFilePath:0x7fa3e38146e0:'/Users/ozanmirza/Library/Developer/Xcode/Archives/2019-02-17/Quick Weather-MAC 2-17-19, 10.50 AM.xcarchive/Products/Applications/Quick Weather.app/Contents/Frameworks/libswiftDispatch.dylib'>'>
2019-02-18 04:09:08 +0000  Skipping profile for item: <IDEDistributionItem: 0x7fa3d34067a0 'com.apple.dt.runtime.swiftFoundation' '<DVTFilePath:0x7fa401324b90:'/Users/ozanmirza/Library/Developer/Xcode/Archives/2019-02-17/Quick Weather-MAC 2-17-19, 10.50 AM.xcarchive/Products/Applications/Quick Weather.app/Contents/Frameworks/libswiftFoundation.dylib'>'>
2019-02-18 04:09:08 +0000  Skipping profile for item: <IDEDistributionItem: 0x7fa3e3d127f0 'com.apple.dt.runtime.swiftIOKit' '<DVTFilePath:0x7fa3fb30dc30:'/Users/ozanmirza/Library/Developer/Xcode/Archives/2019-02-17/Quick Weather-MAC 2-17-19, 10.50 AM.xcarchive/Products/Applications/Quick Weather.app/Contents/Frameworks/libswiftIOKit.dylib'>'>
2019-02-18 04:09:08 +0000  Skipping profile for item: <IDEDistributionItem: 0x7fa3f06248d0 'com.apple.dt.runtime.swiftMetal' '<DVTFilePath:0x7fa3f9d4d960:'/Users/ozanmirza/Library/Developer/Xcode/Archives/2019-02-17/Quick Weather-MAC 2-17-19, 10.50 AM.xcarchive/Products/Applications/Quick Weather.app/Contents/Frameworks/libswiftMetal.dylib'>'>
2019-02-18 04:09:08 +0000  Skipping profile for item: <IDEDistributionItem: 0x7fa3d20d4980 'com.apple.dt.runtime.swiftObjectiveC' '<DVTFilePath:0x7fa3d2c6b8d0:'/Users/ozanmirza/Library/Developer/Xcode/Archives/2019-02-17/Quick Weather-MAC 2-17-19, 10.50 AM.xcarchive/Products/Applications/Quick Weather.app/Contents/Frameworks/libswiftObjectiveC.dylib'>'>
2019-02-18 04:09:08 +0000  Skipping profile for item: <IDEDistributionItem: 0x7fa3d3455070 'com.apple.dt.runtime.swiftQuartzCore' '<DVTFilePath:0x7fa3d25451d0:'/Users/ozanmirza/Library/Developer/Xcode/Archives/2019-02-17/Quick Weather-MAC 2-17-19, 10.50 AM.xcarchive/Products/Applications/Quick Weather.app/Contents/Frameworks/libswiftQuartzCore.dylib'>'>
2019-02-18 04:09:08 +0000  Skipping profile for item: <IDEDistributionItem: 0x7fa3f0692e90 'com.apple.dt.runtime.swiftXPC' '<DVTFilePath:0x7fa3f07998a0:'/Users/ozanmirza/Library/Developer/Xcode/Archives/2019-02-17/Quick Weather-MAC 2-17-19, 10.50 AM.xcarchive/Products/Applications/Quick Weather.app/Contents/Frameworks/libswiftXPC.dylib'>'>
2019-02-18 04:09:08 +0000  Skipping profile for item: <IDEDistributionItem: 0x7fa3d3406ec0 'com.apple.dt.runtime.swiftos' '<DVTFilePath:0x7fa3f19c5350:'/Users/ozanmirza/Library/Developer/Xcode/Archives/2019-02-17/Quick Weather-MAC 2-17-19, 10.50 AM.xcarchive/Products/Applications/Quick Weather.app/Contents/Frameworks/libswiftos.dylib'>'>
2019-02-18 04:09:08 +0000  Skipping profile for item: <IDEDistributionItem: 0x7fa3d20b10b0 'com.burcumirza.Quick-Weather-MAC' '<DVTFilePath:0x7fa3d278c5c0:'/Users/ozanmirza/Library/Developer/Xcode/Archives/2019-02-17/Quick Weather-MAC 2-17-19, 10.50 AM.xcarchive/Products/Applications/Quick Weather.app'>'>
2019-02-18 04:09:08 +0000  Processing step: IDEDistributionItemRemovalStep
2019-02-18 04:09:08 +0000  Processing step: IDEDistributionAppThinningPlistStep
2019-02-18 04:09:08 +0000  Processing step: IDEDistributionCompileBitcodeStep
2019-02-18 04:09:08 +0000  Skipping step: IDEDistributionCompileBitcodeStep because it said so
2019-02-18 04:09:08 +0000  Processing step: IDEDistributionCodeSlimmingStep
2019-02-18 04:09:08 +0000  Processing step: IDEDistributionCopyBCSymbolMapsStep
2019-02-18 04:09:08 +0000  Processing step: IDEDistributionSymbolsStep
2019-02-18 04:09:08 +0000  Excluding symbols for libswiftAppKit.dylib
2019-02-18 04:09:08 +0000  Excluding symbols for libswiftCore.dylib
2019-02-18 04:09:08 +0000  Excluding symbols for libswiftCoreData.dylib
2019-02-18 04:09:08 +0000  Excluding symbols for libswiftCoreFoundation.dylib
2019-02-18 04:09:08 +0000  Excluding symbols for libswiftCoreGraphics.dylib
2019-02-18 04:09:08 +0000  Excluding symbols for libswiftCoreImage.dylib
2019-02-18 04:09:08 +0000  Excluding symbols for libswiftCoreLocation.dylib
2019-02-18 04:09:08 +0000  Excluding symbols for libswiftDarwin.dylib
2019-02-18 04:09:08 +0000  Excluding symbols for libswiftDispatch.dylib
2019-02-18 04:09:08 +0000  Excluding symbols for libswiftFoundation.dylib
2019-02-18 04:09:08 +0000  Excluding symbols for libswiftIOKit.dylib
2019-02-18 04:09:08 +0000  Excluding symbols for libswiftMetal.dylib
2019-02-18 04:09:08 +0000  Excluding symbols for libswiftObjectiveC.dylib
2019-02-18 04:09:08 +0000  Excluding symbols for libswiftQuartzCore.dylib
2019-02-18 04:09:08 +0000  Excluding symbols for libswiftXPC.dylib
2019-02-18 04:09:08 +0000  Excluding symbols for libswiftos.dylib
2019-02-18 04:09:08 +0000  Processing symbols for Quick Weather.app
2019-02-18 04:09:08 +0000  Running /usr/bin/rsync '-8aPhhE' '/var/folders/rh/520xs81j4xnb4j6wgfn12tf00000gn/T/XcodeDistPipeline.tSc/Root/Applications/Quick Weather.app' '--link-dest' '/var/folders/rh/520xs81j4xnb4j6wgfn12tf00000gn/T/XcodeDistPipeline.tSc/Root/Applications' '/var/folders/rh/520xs81j4xnb4j6wgfn12tf00000gn/T/XcodeDistPipeline.tSc'
2019-02-18 04:09:08 +0000  building file list ... 
2019-02-18 04:09:08 +0000   0 files...2019-02-18 04:09:08 +0000  34 files to consider
2019-02-18 04:09:08 +0000  Quick Weather.app/
2019-02-18 04:09:08 +0000  Quick Weather.app/Contents/
Quick Weather.app/Contents/Frameworks/
Quick Weather.app/Contents/MacOS/
2019-02-18 04:09:08 +0000  Quick Weather.app/Contents/Resources/
Quick Weather.app/Contents/Resources/Base.lproj/
Quick Weather.app/Contents/Resources/Base.lproj/Main.storyboardc/
Quick Weather.app/Contents/_CodeSignature/
2019-02-18 04:09:08 +0000  
2019-02-18 04:09:08 +0000  sent 1005 bytes  received 68 bytes  2.10K bytes/sec
total size is 11.78M  speedup is 11508.08
2019-02-18 04:09:08 +0000  /usr/bin/rsync exited with 0
2019-02-18 04:09:08 +0000  Running /usr/bin/rsync '-8aPhhE' '/Users/ozanmirza/Library/Developer/Xcode/Archives/2019-02-17/Quick Weather-MAC 2-17-19, 10.50 AM.xcarchive/dSYMs/' '--link-dest' '/Users/ozanmirza/Library/Developer/Xcode/Archives/2019-02-17/Quick Weather-MAC 2-17-19, 10.50 AM.xcarchive/dSYMs/' '/var/folders/rh/520xs81j4xnb4j6wgfn12tf00000gn/T/XcodeDistPipeline.tSc'
2019-02-18 04:09:08 +0000  building file list ... 
2019-02-18 04:09:08 +0000   0 files...2019-02-18 04:09:08 +0000  7 files to consider
2019-02-18 04:09:08 +0000  ./
2019-02-18 04:09:08 +0000  Quick Weather.app.dSYM/
Quick Weather.app.dSYM/Contents/
Quick Weather.app.dSYM/Contents/Resources/
Quick Weather.app.dSYM/Contents/Resources/DWARF/
2019-02-18 04:09:08 +0000  
sent 250 bytes  received 50 bytes  600.00 bytes/sec
2019-02-18 04:09:08 +0000  total size is 2.62M  speedup is 9162.33
2019-02-18 04:09:08 +0000  /usr/bin/rsync exited with 0
2019-02-18 04:09:08 +0000  Running /Applications/Xcode.app/Contents/Developer/usr/bin/symbols '-noTextInSOD' '-noDaemon' '-arch' 'all' '-symbolsPackageDir' '/var/folders/rh/520xs81j4xnb4j6wgfn12tf00000gn/T/XcodeDistPipeline.tSc/Symbols' '/var/folders/rh/520xs81j4xnb4j6wgfn12tf00000gn/T/XcodeDistPipeline.tSc/Quick Weather.app.dSYM/Contents/Resources/Dwarf/Quick Weather'
2019-02-18 04:09:09 +0000  /var/folders/rh/520xs81j4xnb4j6wgfn12tf00000gn/T/XcodeDistPipeline.tSc/Quick Weather.app.dSYM/Contents/Resources/Dwarf/Quick Weather [x86_64, 0.048364 seconds]:
2019-02-18 04:09:09 +0000  /Applications/Xcode.app/Contents/Developer/usr/bin/symbols exited with 0
2019-02-18 04:09:09 +0000  Processing step: IDEDistributionCopyAppleProvidedContentStep
2019-02-18 04:09:09 +0000  Processing step: IDEDistributionAppThinningStep
2019-02-18 04:09:09 +0000  Skipping step: IDEDistributionAppThinningStep because it said so
2019-02-18 04:09:09 +0000  Processing step: IDEDistributionArchThinningStep
2019-02-18 04:09:09 +0000  Running /Applications/Xcode.app/Contents/Developer/Toolchains/XcodeDefault.xctoolchain/usr/bin/lipo '/var/folders/rh/520xs81j4xnb4j6wgfn12tf00000gn/T/XcodeDistPipeline.tSc/Root/Applications/Quick Weather.app/Contents/Frameworks/libswiftAppKit.dylib' '-verify_arch' 'arm64e'
2019-02-18 04:09:09 +0000  /Applications/Xcode.app/Contents/Developer/Toolchains/XcodeDefault.xctoolchain/usr/bin/lipo exited with 1
2019-02-18 04:09:09 +0000  Skipping architecture thinning for item "libswiftAppKit.dylib" because arch "arm64e" wasn't found
2019-02-18 04:09:09 +0000  Running /Applications/Xcode.app/Contents/Developer/Toolchains/XcodeDefault.xctoolchain/usr/bin/lipo '/var/folders/rh/520xs81j4xnb4j6wgfn12tf00000gn/T/XcodeDistPipeline.tSc/Root/Applications/Quick Weather.app/Contents/Frameworks/libswiftCore.dylib' '-verify_arch' 'arm64e'
2019-02-18 04:09:09 +0000  /Applications/Xcode.app/Contents/Developer/Toolchains/XcodeDefault.xctoolchain/usr/bin/lipo exited with 1
2019-02-18 04:09:09 +0000  Skipping architecture thinning for item "libswiftCore.dylib" because arch "arm64e" wasn't found
2019-02-18 04:09:09 +0000  Running /Applications/Xcode.app/Contents/Developer/Toolchains/XcodeDefault.xctoolchain/usr/bin/lipo '/var/folders/rh/520xs81j4xnb4j6wgfn12tf00000gn/T/XcodeDistPipeline.tSc/Root/Applications/Quick Weather.app/Contents/Frameworks/libswiftCoreData.dylib' '-verify_arch' 'arm64e'
2019-02-18 04:09:09 +0000  /Applications/Xcode.app/Contents/Developer/Toolchains/XcodeDefault.xctoolchain/usr/bin/lipo exited with 1
2019-02-18 04:09:09 +0000  Skipping architecture thinning for item "libswiftCoreData.dylib" because arch "arm64e" wasn't found
2019-02-18 04:09:09 +0000  Running /Applications/Xcode.app/Contents/Developer/Toolchains/XcodeDefault.xctoolchain/usr/bin/lipo '/var/folders/rh/520xs81j4xnb4j6wgfn12tf00000gn/T/XcodeDistPipeline.tSc/Root/Applications/Quick Weather.app/Contents/Frameworks/libswiftCoreFoundation.dylib' '-verify_arch' 'arm64e'
2019-02-18 04:09:09 +0000  /Applications/Xcode.app/Contents/Developer/Toolchains/XcodeDefault.xctoolchain/usr/bin/lipo exited with 1
2019-02-18 04:09:09 +0000  Skipping architecture thinning for item "libswiftCoreFoundation.dylib" because arch "arm64e" wasn't found
2019-02-18 04:09:09 +0000  Running /Applications/Xcode.app/Contents/Developer/Toolchains/XcodeDefault.xctoolchain/usr/bin/lipo '/var/folders/rh/520xs81j4xnb4j6wgfn12tf00000gn/T/XcodeDistPipeline.tSc/Root/Applications/Quick Weather.app/Contents/Frameworks/libswiftCoreGraphics.dylib' '-verify_arch' 'arm64e'
2019-02-18 04:09:09 +0000  /Applications/Xcode.app/Contents/Developer/Toolchains/XcodeDefault.xctoolchain/usr/bin/lipo exited with 1
2019-02-18 04:09:09 +0000  Skipping architecture thinning for item "libswiftCoreGraphics.dylib" because arch "arm64e" wasn't found
2019-02-18 04:09:09 +0000  Running /Applications/Xcode.app/Contents/Developer/Toolchains/XcodeDefault.xctoolchain/usr/bin/lipo '/var/folders/rh/520xs81j4xnb4j6wgfn12tf00000gn/T/XcodeDistPipeline.tSc/Root/Applications/Quick Weather.app/Contents/Frameworks/libswiftCoreImage.dylib' '-verify_arch' 'arm64e'
2019-02-18 04:09:09 +0000  /Applications/Xcode.app/Contents/Developer/Toolchains/XcodeDefault.xctoolchain/usr/bin/lipo exited with 1
2019-02-18 04:09:09 +0000  Skipping architecture thinning for item "libswiftCoreImage.dylib" because arch "arm64e" wasn't found
2019-02-18 04:09:09 +0000  Running /Applications/Xcode.app/Contents/Developer/Toolchains/XcodeDefault.xctoolchain/usr/bin/lipo '/var/folders/rh/520xs81j4xnb4j6wgfn12tf00000gn/T/XcodeDistPipeline.tSc/Root/Applications/Quick Weather.app/Contents/Frameworks/libswiftCoreLocation.dylib' '-verify_arch' 'arm64e'
2019-02-18 04:09:09 +0000  /Applications/Xcode.app/Contents/Developer/Toolchains/XcodeDefault.xctoolchain/usr/bin/lipo exited with 1
2019-02-18 04:09:09 +0000  Skipping architecture thinning for item "libswiftCoreLocation.dylib" because arch "arm64e" wasn't found
2019-02-18 04:09:09 +0000  Running /Applications/Xcode.app/Contents/Developer/Toolchains/XcodeDefault.xctoolchain/usr/bin/lipo '/var/folders/rh/520xs81j4xnb4j6wgfn12tf00000gn/T/XcodeDistPipeline.tSc/Root/Applications/Quick Weather.app/Contents/Frameworks/libswiftDarwin.dylib' '-verify_arch' 'arm64e'
2019-02-18 04:09:09 +0000  /Applications/Xcode.app/Contents/Developer/Toolchains/XcodeDefault.xctoolchain/usr/bin/lipo exited with 1
2019-02-18 04:09:09 +0000  Skipping architecture thinning for item "libswiftDarwin.dylib" because arch "arm64e" wasn't found
2019-02-18 04:09:09 +0000  Running /Applications/Xcode.app/Contents/Developer/Toolchains/XcodeDefault.xctoolchain/usr/bin/lipo '/var/folders/rh/520xs81j4xnb4j6wgfn12tf00000gn/T/XcodeDistPipeline.tSc/Root/Applications/Quick Weather.app/Contents/Frameworks/libswiftDispatch.dylib' '-verify_arch' 'arm64e'
2019-02-18 04:09:09 +0000  /Applications/Xcode.app/Contents/Developer/Toolchains/XcodeDefault.xctoolchain/usr/bin/lipo exited with 1
2019-02-18 04:09:09 +0000  Skipping architecture thinning for item "libswiftDispatch.dylib" because arch "arm64e" wasn't found
2019-02-18 04:09:09 +0000  Running /Applications/Xcode.app/Contents/Developer/Toolchains/XcodeDefault.xctoolchain/usr/bin/lipo '/var/folders/rh/520xs81j4xnb4j6wgfn12tf00000gn/T/XcodeDistPipeline.tSc/Root/Applications/Quick Weather.app/Contents/Frameworks/libswiftFoundation.dylib' '-verify_arch' 'arm64e'
2019-02-18 04:09:09 +0000  /Applications/Xcode.app/Contents/Developer/Toolchains/XcodeDefault.xctoolchain/usr/bin/lipo exited with 1
2019-02-18 04:09:09 +0000  Skipping architecture thinning for item "libswiftFoundation.dylib" because arch "arm64e" wasn't found
2019-02-18 04:09:09 +0000  Running /Applications/Xcode.app/Contents/Developer/Toolchains/XcodeDefault.xctoolchain/usr/bin/lipo '/var/folders/rh/520xs81j4xnb4j6wgfn12tf00000gn/T/XcodeDistPipeline.tSc/Root/Applications/Quick Weather.app/Contents/Frameworks/libswiftIOKit.dylib' '-verify_arch' 'arm64e'
2019-02-18 04:09:09 +0000  /Applications/Xcode.app/Contents/Developer/Toolchains/XcodeDefault.xctoolchain/usr/bin/lipo exited with 1
2019-02-18 04:09:09 +0000  Skipping architecture thinning for item "libswiftIOKit.dylib" because arch "arm64e" wasn't found
2019-02-18 04:09:09 +0000  Running /Applications/Xcode.app/Contents/Developer/Toolchains/XcodeDefault.xctoolchain/usr/bin/lipo '/var/folders/rh/520xs81j4xnb4j6wgfn12tf00000gn/T/XcodeDistPipeline.tSc/Root/Applications/Quick Weather.app/Contents/Frameworks/libswiftMetal.dylib' '-verify_arch' 'arm64e'
2019-02-18 04:09:09 +0000  /Applications/Xcode.app/Contents/Developer/Toolchains/XcodeDefault.xctoolchain/usr/bin/lipo exited with 1
2019-02-18 04:09:09 +0000  Skipping architecture thinning for item "libswiftMetal.dylib" because arch "arm64e" wasn't found
2019-02-18 04:09:09 +0000  Running /Applications/Xcode.app/Contents/Developer/Toolchains/XcodeDefault.xctoolchain/usr/bin/lipo '/var/folders/rh/520xs81j4xnb4j6wgfn12tf00000gn/T/XcodeDistPipeline.tSc/Root/Applications/Quick Weather.app/Contents/Frameworks/libswiftObjectiveC.dylib' '-verify_arch' 'arm64e'
2019-02-18 04:09:09 +0000  /Applications/Xcode.app/Contents/Developer/Toolchains/XcodeDefault.xctoolchain/usr/bin/lipo exited with 1
2019-02-18 04:09:09 +0000  Skipping architecture thinning for item "libswiftObjectiveC.dylib" because arch "arm64e" wasn't found
2019-02-18 04:09:09 +0000  Running /Applications/Xcode.app/Contents/Developer/Toolchains/XcodeDefault.xctoolchain/usr/bin/lipo '/var/folders/rh/520xs81j4xnb4j6wgfn12tf00000gn/T/XcodeDistPipeline.tSc/Root/Applications/Quick Weather.app/Contents/Frameworks/libswiftQuartzCore.dylib' '-verify_arch' 'arm64e'
2019-02-18 04:09:09 +0000  /Applications/Xcode.app/Contents/Developer/Toolchains/XcodeDefault.xctoolchain/usr/bin/lipo exited with 1
2019-02-18 04:09:09 +0000  Skipping architecture thinning for item "libswiftQuartzCore.dylib" because arch "arm64e" wasn't found
2019-02-18 04:09:09 +0000  Running /Applications/Xcode.app/Contents/Developer/Toolchains/XcodeDefault.xctoolchain/usr/bin/lipo '/var/folders/rh/520xs81j4xnb4j6wgfn12tf00000gn/T/XcodeDistPipeline.tSc/Root/Applications/Quick Weather.app/Contents/Frameworks/libswiftXPC.dylib' '-verify_arch' 'arm64e'
2019-02-18 04:09:09 +0000  /Applications/Xcode.app/Contents/Developer/Toolchains/XcodeDefault.xctoolchain/usr/bin/lipo exited with 1
2019-02-18 04:09:09 +0000  Skipping architecture thinning for item "libswiftXPC.dylib" because arch "arm64e" wasn't found
2019-02-18 04:09:09 +0000  Running /Applications/Xcode.app/Contents/Developer/Toolchains/XcodeDefault.xctoolchain/usr/bin/lipo '/var/folders/rh/520xs81j4xnb4j6wgfn12tf00000gn/T/XcodeDistPipeline.tSc/Root/Applications/Quick Weather.app/Contents/Frameworks/libswiftos.dylib' '-verify_arch' 'arm64e'
2019-02-18 04:09:09 +0000  /Applications/Xcode.app/Contents/Developer/Toolchains/XcodeDefault.xctoolchain/usr/bin/lipo exited with 1
2019-02-18 04:09:09 +0000  Skipping architecture thinning for item "libswiftos.dylib" because arch "arm64e" wasn't found
2019-02-18 04:09:09 +0000  Running /Applications/Xcode.app/Contents/Developer/Toolchains/XcodeDefault.xctoolchain/usr/bin/lipo '/var/folders/rh/520xs81j4xnb4j6wgfn12tf00000gn/T/XcodeDistPipeline.tSc/Root/Applications/Quick Weather.app/Contents/MacOS/Quick Weather' '-verify_arch' 'arm64e'
2019-02-18 04:09:09 +0000  /Applications/Xcode.app/Contents/Developer/Toolchains/XcodeDefault.xctoolchain/usr/bin/lipo exited with 1
2019-02-18 04:09:09 +0000  Skipping architecture thinning for item "Quick Weather" because arch "arm64e" wasn't found
2019-02-18 04:09:09 +0000  Processing step: IDEDistributionODRStep
2019-02-18 04:09:09 +0000  Processing step: IDEDistributionStripXattrsStep
2019-02-18 04:09:09 +0000  Skipping stripping extended attributes of item: <IDEDistributionItem: 0x7fa3d345e0f0 'com.apple.dt.runtime.swiftAppKit' '<DVTFilePath:0x7fa3d29f63f0:'/Users/ozanmirza/Library/Developer/Xcode/Archives/2019-02-17/Quick Weather-MAC 2-17-19, 10.50 AM.xcarchive/Products/Applications/Quick Weather.app/Contents/Frameworks/libswiftAppKit.dylib'>'>
2019-02-18 04:09:09 +0000  Skipping stripping extended attributes of item: <IDEDistributionItem: 0x7fa3d345e2f0 'com.apple.dt.runtime.swiftCore' '<DVTFilePath:0x7fa3eff7d010:'/Users/ozanmirza/Library/Developer/Xcode/Archives/2019-02-17/Quick Weather-MAC 2-17-19, 10.50 AM.xcarchive/Products/Applications/Quick Weather.app/Contents/Frameworks/libswiftCore.dylib'>'>
2019-02-18 04:09:09 +0000  Skipping stripping extended attributes of item: <IDEDistributionItem: 0x7fa3f1a617c0 'com.apple.dt.runtime.swiftCoreData' '<DVTFilePath:0x7fa3f8f47580:'/Users/ozanmirza/Library/Developer/Xcode/Archives/2019-02-17/Quick Weather-MAC 2-17-19, 10.50 AM.xcarchive/Products/Applications/Quick Weather.app/Contents/Frameworks/libswiftCoreData.dylib'>'>
2019-02-18 04:09:09 +0000  Skipping stripping extended attributes of item: <IDEDistributionItem: 0x7fa3d232a950 'com.apple.dt.runtime.swiftCoreFoundation' '<DVTFilePath:0x7fa3e3d069e0:'/Users/ozanmirza/Library/Developer/Xcode/Archives/2019-02-17/Quick Weather-MAC 2-17-19, 10.50 AM.xcarchive/Products/Applications/Quick Weather.app/Contents/Frameworks/libswiftCoreFoundation.dylib'>'>
2019-02-18 04:09:09 +0000  Skipping stripping extended attributes of item: <IDEDistributionItem: 0x7fa3d3455dc0 'com.apple.dt.runtime.swiftCoreGraphics' '<DVTFilePath:0x7fa3d32c2910:'/Users/ozanmirza/Library/Developer/Xcode/Archives/2019-02-17/Quick Weather-MAC 2-17-19, 10.50 AM.xcarchive/Products/Applications/Quick Weather.app/Contents/Frameworks/libswiftCoreGraphics.dylib'>'>
2019-02-18 04:09:09 +0000  Skipping stripping extended attributes of item: <IDEDistributionItem: 0x7fa3d3465930 'com.apple.dt.runtime.swiftCoreImage' '<DVTFilePath:0x7fa3f1280a60:'/Users/ozanmirza/Library/Developer/Xcode/Archives/2019-02-17/Quick Weather-MAC 2-17-19, 10.50 AM.xcarchive/Products/Applications/Quick Weather.app/Contents/Frameworks/libswiftCoreImage.dylib'>'>
2019-02-18 04:09:09 +0000  Skipping stripping extended attributes of item: <IDEDistributionItem: 0x7fa3d3409810 'com.apple.dt.runtime.swiftCoreLocation' '<DVTFilePath:0x7fa3d1e13730:'/Users/ozanmirza/Library/Developer/Xcode/Archives/2019-02-17/Quick Weather-MAC 2-17-19, 10.50 AM.xcarchive/Products/Applications/Quick Weather.app/Contents/Frameworks/libswiftCoreLocation.dylib'>'>
2019-02-18 04:09:09 +0000  Skipping stripping extended attributes of item: <IDEDistributionItem: 0x7fa3f06e7470 'com.apple.dt.runtime.swiftDarwin' '<DVTFilePath:0x7fa3e3a70d10:'/Users/ozanmirza/Library/Developer/Xcode/Archives/2019-02-17/Quick Weather-MAC 2-17-19, 10.50 AM.xcarchive/Products/Applications/Quick Weather.app/Contents/Frameworks/libswiftDarwin.dylib'>'>
2019-02-18 04:09:09 +0000  Skipping stripping extended attributes of item: <IDEDistributionItem: 0x7fa3e3f4f410 'com.apple.dt.runtime.swiftDispatch' '<DVTFilePath:0x7fa3e38146e0:'/Users/ozanmirza/Library/Developer/Xcode/Archives/2019-02-17/Quick Weather-MAC 2-17-19, 10.50 AM.xcarchive/Products/Applications/Quick Weather.app/Contents/Frameworks/libswiftDispatch.dylib'>'>
2019-02-18 04:09:09 +0000  Skipping stripping extended attributes of item: <IDEDistributionItem: 0x7fa3d34067a0 'com.apple.dt.runtime.swiftFoundation' '<DVTFilePath:0x7fa401324b90:'/Users/ozanmirza/Library/Developer/Xcode/Archives/2019-02-17/Quick Weather-MAC 2-17-19, 10.50 AM.xcarchive/Products/Applications/Quick Weather.app/Contents/Frameworks/libswiftFoundation.dylib'>'>
2019-02-18 04:09:09 +0000  Skipping stripping extended attributes of item: <IDEDistributionItem: 0x7fa3e3d127f0 'com.apple.dt.runtime.swiftIOKit' '<DVTFilePath:0x7fa3fb30dc30:'/Users/ozanmirza/Library/Developer/Xcode/Archives/2019-02-17/Quick Weather-MAC 2-17-19, 10.50 AM.xcarchive/Products/Applications/Quick Weather.app/Contents/Frameworks/libswiftIOKit.dylib'>'>
2019-02-18 04:09:09 +0000  Skipping stripping extended attributes of item: <IDEDistributionItem: 0x7fa3f06248d0 'com.apple.dt.runtime.swiftMetal' '<DVTFilePath:0x7fa3f9d4d960:'/Users/ozanmirza/Library/Developer/Xcode/Archives/2019-02-17/Quick Weather-MAC 2-17-19, 10.50 AM.xcarchive/Products/Applications/Quick Weather.app/Contents/Frameworks/libswiftMetal.dylib'>'>
2019-02-18 04:09:09 +0000  Skipping stripping extended attributes of item: <IDEDistributionItem: 0x7fa3d20d4980 'com.apple.dt.runtime.swiftObjectiveC' '<DVTFilePath:0x7fa3d2c6b8d0:'/Users/ozanmirza/Library/Developer/Xcode/Archives/2019-02-17/Quick Weather-MAC 2-17-19, 10.50 AM.xcarchive/Products/Applications/Quick Weather.app/Contents/Frameworks/libswiftObjectiveC.dylib'>'>
2019-02-18 04:09:09 +0000  Skipping stripping extended attributes of item: <IDEDistributionItem: 0x7fa3d3455070 'com.apple.dt.runtime.swiftQuartzCore' '<DVTFilePath:0x7fa3d25451d0:'/Users/ozanmirza/Library/Developer/Xcode/Archives/2019-02-17/Quick Weather-MAC 2-17-19, 10.50 AM.xcarchive/Products/Applications/Quick Weather.app/Contents/Frameworks/libswiftQuartzCore.dylib'>'>
2019-02-18 04:09:09 +0000  Skipping stripping extended attributes of item: <IDEDistributionItem: 0x7fa3f0692e90 'com.apple.dt.runtime.swiftXPC' '<DVTFilePath:0x7fa3f07998a0:'/Users/ozanmirza/Library/Developer/Xcode/Archives/2019-02-17/Quick Weather-MAC 2-17-19, 10.50 AM.xcarchive/Products/Applications/Quick Weather.app/Contents/Frameworks/libswiftXPC.dylib'>'>
2019-02-18 04:09:09 +0000  Skipping stripping extended attributes of item: <IDEDistributionItem: 0x7fa3d3406ec0 'com.apple.dt.runtime.swiftos' '<DVTFilePath:0x7fa3f19c5350:'/Users/ozanmirza/Library/Developer/Xcode/Archives/2019-02-17/Quick Weather-MAC 2-17-19, 10.50 AM.xcarchive/Products/Applications/Quick Weather.app/Contents/Frameworks/libswiftos.dylib'>'>
2019-02-18 04:09:09 +0000  Running /usr/bin/xattr '-crs' '/var/folders/rh/520xs81j4xnb4j6wgfn12tf00000gn/T/XcodeDistPipeline.tSc/Root/Applications/Quick Weather.app'
2019-02-18 04:09:09 +0000  /usr/bin/xattr exited with 0
2019-02-18 04:09:09 +0000  Processing step: IDEDistributionCodesignStep
2019-02-18 04:09:09 +0000  Entitlements for <IDEDistributionItem: 0x7fa3d345e0f0 'com.apple.dt.runtime.swiftAppKit' '<DVTFilePath:0x7fa3d29f63f0:'/Users/ozanmirza/Library/Developer/Xcode/Archives/2019-02-17/Quick Weather-MAC 2-17-19, 10.50 AM.xcarchive/Products/Applications/Quick Weather.app/Contents/Frameworks/libswiftAppKit.dylib'>'>: {
}
2019-02-18 04:09:09 +0000  Writing entitlements for <IDEDistributionItem: 0x7fa3d345e0f0 'com.apple.dt.runtime.swiftAppKit' '<DVTFilePath:0x7fa3d29f63f0:'/Users/ozanmirza/Library/Developer/Xcode/Archives/2019-02-17/Quick Weather-MAC 2-17-19, 10.50 AM.xcarchive/Products/Applications/Quick Weather.app/Contents/Frameworks/libswiftAppKit.dylib'>'> to: /var/folders/rh/520xs81j4xnb4j6wgfn12tf00000gn/T/XcodeDistPipeline.tSc/entitlementsNpB4Vf
2019-02-18 04:09:09 +0000  Running /usr/bin/codesign '-vvv' '--force' '--sign' 'A1F90CA0EFF5CDAE484D939BFBB4038D478CA7E9' '--entitlements' '/var/folders/rh/520xs81j4xnb4j6wgfn12tf00000gn/T/XcodeDistPipeline.tSc/entitlementsNpB4Vf' '--preserve-metadata=identifier,flags,runtime' '/var/folders/rh/520xs81j4xnb4j6wgfn12tf00000gn/T/XcodeDistPipeline.tSc/Root/Applications/Quick Weather.app/Contents/Frameworks/libswiftAppKit.dylib'
2019-02-18 04:09:09 +0000  /var/folders/rh/520xs81j4xnb4j6wgfn12tf00000gn/T/XcodeDistPipeline.tSc/Root/Applications/Quick Weather.app/Contents/Frameworks/libswiftAppKit.dylib: replacing existing signature
2019-02-18 04:09:09 +0000  /var/folders/rh/520xs81j4xnb4j6wgfn12tf00000gn/T/XcodeDistPipeline.tSc/Root/Applications/Quick Weather.app/Contents/Frameworks/libswiftAppKit.dylib: signed Mach-O thin (x86_64) [com.apple.dt.runtime.swiftAppKit]
2019-02-18 04:09:09 +0000  /usr/bin/codesign exited with 0
2019-02-18 04:09:09 +0000  Entitlements for <IDEDistributionItem: 0x7fa3d345e2f0 'com.apple.dt.runtime.swiftCore' '<DVTFilePath:0x7fa3eff7d010:'/Users/ozanmirza/Library/Developer/Xcode/Archives/2019-02-17/Quick Weather-MAC 2-17-19, 10.50 AM.xcarchive/Products/Applications/Quick Weather.app/Contents/Frameworks/libswiftCore.dylib'>'>: {
}
2019-02-18 04:09:09 +0000  Writing entitlements for <IDEDistributionItem: 0x7fa3d345e2f0 'com.apple.dt.runtime.swiftCore' '<DVTFilePath:0x7fa3eff7d010:'/Users/ozanmirza/Library/Developer/Xcode/Archives/2019-02-17/Quick Weather-MAC 2-17-19, 10.50 AM.xcarchive/Products/Applications/Quick Weather.app/Contents/Frameworks/libswiftCore.dylib'>'> to: /var/folders/rh/520xs81j4xnb4j6wgfn12tf00000gn/T/XcodeDistPipeline.tSc/entitlementsVClQeY
2019-02-18 04:09:09 +0000  Running /usr/bin/codesign '-vvv' '--force' '--sign' 'A1F90CA0EFF5CDAE484D939BFBB4038D478CA7E9' '--entitlements' '/var/folders/rh/520xs81j4xnb4j6wgfn12tf00000gn/T/XcodeDistPipeline.tSc/entitlementsVClQeY' '--preserve-metadata=identifier,flags,runtime' '/var/folders/rh/520xs81j4xnb4j6wgfn12tf00000gn/T/XcodeDistPipeline.tSc/Root/Applications/Quick Weather.app/Contents/Frameworks/libswiftCore.dylib'
2019-02-18 04:09:10 +0000  /var/folders/rh/520xs81j4xnb4j6wgfn12tf00000gn/T/XcodeDistPipeline.tSc/Root/Applications/Quick Weather.app/Contents/Frameworks/libswiftCore.dylib: replacing existing signature
2019-02-18 04:09:10 +0000  /var/folders/rh/520xs81j4xnb4j6wgfn12tf00000gn/T/XcodeDistPipeline.tSc/Root/Applications/Quick Weather.app/Contents/Frameworks/libswiftCore.dylib: signed Mach-O thin (x86_64) [com.apple.dt.runtime.swiftCore]
2019-02-18 04:09:10 +0000  /usr/bin/codesign exited with 0
2019-02-18 04:09:10 +0000  Entitlements for <IDEDistributionItem: 0x7fa3f1a617c0 'com.apple.dt.runtime.swiftCoreData' '<DVTFilePath:0x7fa3f8f47580:'/Users/ozanmirza/Library/Developer/Xcode/Archives/2019-02-17/Quick Weather-MAC 2-17-19, 10.50 AM.xcarchive/Products/Applications/Quick Weather.app/Contents/Frameworks/libswiftCoreData.dylib'>'>: {
}
2019-02-18 04:09:10 +0000  Writing entitlements for <IDEDistributionItem: 0x7fa3f1a617c0 'com.apple.dt.runtime.swiftCoreData' '<DVTFilePath:0x7fa3f8f47580:'/Users/ozanmirza/Library/Developer/Xcode/Archives/2019-02-17/Quick Weather-MAC 2-17-19, 10.50 AM.xcarchive/Products/Applications/Quick Weather.app/Contents/Frameworks/libswiftCoreData.dylib'>'> to: /var/folders/rh/520xs81j4xnb4j6wgfn12tf00000gn/T/XcodeDistPipeline.tSc/entitlementsw1FXeS
2019-02-18 04:09:10 +0000  Running /usr/bin/codesign '-vvv' '--force' '--sign' 'A1F90CA0EFF5CDAE484D939BFBB4038D478CA7E9' '--entitlements' '/var/folders/rh/520xs81j4xnb4j6wgfn12tf00000gn/T/XcodeDistPipeline.tSc/entitlementsw1FXeS' '--preserve-metadata=identifier,flags,runtime' '/var/folders/rh/520xs81j4xnb4j6wgfn12tf00000gn/T/XcodeDistPipeline.tSc/Root/Applications/Quick Weather.app/Contents/Frameworks/libswiftCoreData.dylib'
2019-02-18 04:09:10 +0000  /var/folders/rh/520xs81j4xnb4j6wgfn12tf00000gn/T/XcodeDistPipeline.tSc/Root/Applications/Quick Weather.app/Contents/Frameworks/libswiftCoreData.dylib: replacing existing signature
2019-02-18 04:09:10 +0000  /var/folders/rh/520xs81j4xnb4j6wgfn12tf00000gn/T/XcodeDistPipeline.tSc/Root/Applications/Quick Weather.app/Contents/Frameworks/libswiftCoreData.dylib: signed Mach-O thin (x86_64) [com.apple.dt.runtime.swiftCoreData]
2019-02-18 04:09:10 +0000  /usr/bin/codesign exited with 0
2019-02-18 04:09:10 +0000  Entitlements for <IDEDistributionItem: 0x7fa3d232a950 'com.apple.dt.runtime.swiftCoreFoundation' '<DVTFilePath:0x7fa3e3d069e0:'/Users/ozanmirza/Library/Developer/Xcode/Archives/2019-02-17/Quick Weather-MAC 2-17-19, 10.50 AM.xcarchive/Products/Applications/Quick Weather.app/Contents/Frameworks/libswiftCoreFoundation.dylib'>'>: {
}
2019-02-18 04:09:10 +0000  Writing entitlements for <IDEDistributionItem: 0x7fa3d232a950 'com.apple.dt.runtime.swiftCoreFoundation' '<DVTFilePath:0x7fa3e3d069e0:'/Users/ozanmirza/Library/Developer/Xcode/Archives/2019-02-17/Quick Weather-MAC 2-17-19, 10.50 AM.xcarchive/Products/Applications/Quick Weather.app/Contents/Frameworks/libswiftCoreFoundation.dylib'>'> to: /var/folders/rh/520xs81j4xnb4j6wgfn12tf00000gn/T/XcodeDistPipeline.tSc/entitlementsVWT0Qv
2019-02-18 04:09:10 +0000  Running /usr/bin/codesign '-vvv' '--force' '--sign' 'A1F90CA0EFF5CDAE484D939BFBB4038D478CA7E9' '--entitlements' '/var/folders/rh/520xs81j4xnb4j6wgfn12tf00000gn/T/XcodeDistPipeline.tSc/entitlementsVWT0Qv' '--preserve-metadata=identifier,flags,runtime' '/var/folders/rh/520xs81j4xnb4j6wgfn12tf00000gn/T/XcodeDistPipeline.tSc/Root/Applications/Quick Weather.app/Contents/Frameworks/libswiftCoreFoundation.dylib'
2019-02-18 04:09:10 +0000  /var/folders/rh/520xs81j4xnb4j6wgfn12tf00000gn/T/XcodeDistPipeline.tSc/Root/Applications/Quick Weather.app/Contents/Frameworks/libswiftCoreFoundation.dylib: replacing existing signature
2019-02-18 04:09:10 +0000  /var/folders/rh/520xs81j4xnb4j6wgfn12tf00000gn/T/XcodeDistPipeline.tSc/Root/Applications/Quick Weather.app/Contents/Frameworks/libswiftCoreFoundation.dylib: signed Mach-O thin (x86_64) [com.apple.dt.runtime.swiftCoreFoundation]
2019-02-18 04:09:10 +0000  /usr/bin/codesign exited with 0
2019-02-18 04:09:10 +0000  Entitlements for <IDEDistributionItem: 0x7fa3d3455dc0 'com.apple.dt.runtime.swiftCoreGraphics' '<DVTFilePath:0x7fa3d32c2910:'/Users/ozanmirza/Library/Developer/Xcode/Archives/2019-02-17/Quick Weather-MAC 2-17-19, 10.50 AM.xcarchive/Products/Applications/Quick Weather.app/Contents/Frameworks/libswiftCoreGraphics.dylib'>'>: {
}
2019-02-18 04:09:10 +0000  Writing entitlements for <IDEDistributionItem: 0x7fa3d3455dc0 'com.apple.dt.runtime.swiftCoreGraphics' '<DVTFilePath:0x7fa3d32c2910:'/Users/ozanmirza/Library/Developer/Xcode/Archives/2019-02-17/Quick Weather-MAC 2-17-19, 10.50 AM.xcarchive/Products/Applications/Quick Weather.app/Contents/Frameworks/libswiftCoreGraphics.dylib'>'> to: /var/folders/rh/520xs81j4xnb4j6wgfn12tf00000gn/T/XcodeDistPipeline.tSc/entitlementsQIIlCS
2019-02-18 04:09:10 +0000  Running /usr/bin/codesign '-vvv' '--force' '--sign' 'A1F90CA0EFF5CDAE484D939BFBB4038D478CA7E9' '--entitlements' '/var/folders/rh/520xs81j4xnb4j6wgfn12tf00000gn/T/XcodeDistPipeline.tSc/entitlementsQIIlCS' '--preserve-metadata=identifier,flags,runtime' '/var/folders/rh/520xs81j4xnb4j6wgfn12tf00000gn/T/XcodeDistPipeline.tSc/Root/Applications/Quick Weather.app/Contents/Frameworks/libswiftCoreGraphics.dylib'
2019-02-18 04:09:10 +0000  /var/folders/rh/520xs81j4xnb4j6wgfn12tf00000gn/T/XcodeDistPipeline.tSc/Root/Applications/Quick Weather.app/Contents/Frameworks/libswiftCoreGraphics.dylib: replacing existing signature
2019-02-18 04:09:10 +0000  /var/folders/rh/520xs81j4xnb4j6wgfn12tf00000gn/T/XcodeDistPipeline.tSc/Root/Applications/Quick Weather.app/Contents/Frameworks/libswiftCoreGraphics.dylib: signed Mach-O thin (x86_64) [com.apple.dt.runtime.swiftCoreGraphics]
2019-02-18 04:09:10 +0000  /usr/bin/codesign exited with 0
2019-02-18 04:09:10 +0000  Entitlements for <IDEDistributionItem: 0x7fa3d3465930 'com.apple.dt.runtime.swiftCoreImage' '<DVTFilePath:0x7fa3f1280a60:'/Users/ozanmirza/Library/Developer/Xcode/Archives/2019-02-17/Quick Weather-MAC 2-17-19, 10.50 AM.xcarchive/Products/Applications/Quick Weather.app/Contents/Frameworks/libswiftCoreImage.dylib'>'>: {
}
2019-02-18 04:09:10 +0000  Writing entitlements for <IDEDistributionItem: 0x7fa3d3465930 'com.apple.dt.runtime.swiftCoreImage' '<DVTFilePath:0x7fa3f1280a60:'/Users/ozanmirza/Library/Developer/Xcode/Archives/2019-02-17/Quick Weather-MAC 2-17-19, 10.50 AM.xcarchive/Products/Applications/Quick Weather.app/Contents/Frameworks/libswiftCoreImage.dylib'>'> to: /var/folders/rh/520xs81j4xnb4j6wgfn12tf00000gn/T/XcodeDistPipeline.tSc/entitlementsGk6RwW
2019-02-18 04:09:10 +0000  Running /usr/bin/codesign '-vvv' '--force' '--sign' 'A1F90CA0EFF5CDAE484D939BFBB4038D478CA7E9' '--entitlements' '/var/folders/rh/520xs81j4xnb4j6wgfn12tf00000gn/T/XcodeDistPipeline.tSc/entitlementsGk6RwW' '--preserve-metadata=identifier,flags,runtime' '/var/folders/rh/520xs81j4xnb4j6wgfn12tf00000gn/T/XcodeDistPipeline.tSc/Root/Applications/Quick Weather.app/Contents/Frameworks/libswiftCoreImage.dylib'
2019-02-18 04:09:10 +0000  /var/folders/rh/520xs81j4xnb4j6wgfn12tf00000gn/T/XcodeDistPipeline.tSc/Root/Applications/Quick Weather.app/Contents/Frameworks/libswiftCoreImage.dylib: replacing existing signature
2019-02-18 04:09:10 +0000  /var/folders/rh/520xs81j4xnb4j6wgfn12tf00000gn/T/XcodeDistPipeline.tSc/Root/Applications/Quick Weather.app/Contents/Frameworks/libswiftCoreImage.dylib: signed Mach-O thin (x86_64) [com.apple.dt.runtime.swiftCoreImage]
2019-02-18 04:09:10 +0000  /usr/bin/codesign exited with 0
2019-02-18 04:09:10 +0000  Entitlements for <IDEDistributionItem: 0x7fa3d3409810 'com.apple.dt.runtime.swiftCoreLocation' '<DVTFilePath:0x7fa3d1e13730:'/Users/ozanmirza/Library/Developer/Xcode/Archives/2019-02-17/Quick Weather-MAC 2-17-19, 10.50 AM.xcarchive/Products/Applications/Quick Weather.app/Contents/Frameworks/libswiftCoreLocation.dylib'>'>: {
}
2019-02-18 04:09:10 +0000  Writing entitlements for <IDEDistributionItem: 0x7fa3d3409810 'com.apple.dt.runtime.swiftCoreLocation' '<DVTFilePath:0x7fa3d1e13730:'/Users/ozanmirza/Library/Developer/Xcode/Archives/2019-02-17/Quick Weather-MAC 2-17-19, 10.50 AM.xcarchive/Products/Applications/Quick Weather.app/Contents/Frameworks/libswiftCoreLocation.dylib'>'> to: /var/folders/rh/520xs81j4xnb4j6wgfn12tf00000gn/T/XcodeDistPipeline.tSc/entitlementsVSrOYX
2019-02-18 04:09:10 +0000  Running /usr/bin/codesign '-vvv' '--force' '--sign' 'A1F90CA0EFF5CDAE484D939BFBB4038D478CA7E9' '--entitlements' '/var/folders/rh/520xs81j4xnb4j6wgfn12tf00000gn/T/XcodeDistPipeline.tSc/entitlementsVSrOYX' '--preserve-metadata=identifier,flags,runtime' '/var/folders/rh/520xs81j4xnb4j6wgfn12tf00000gn/T/XcodeDistPipeline.tSc/Root/Applications/Quick Weather.app/Contents/Frameworks/libswiftCoreLocation.dylib'
2019-02-18 04:09:10 +0000  /var/folders/rh/520xs81j4xnb4j6wgfn12tf00000gn/T/XcodeDistPipeline.tSc/Root/Applications/Quick Weather.app/Contents/Frameworks/libswiftCoreLocation.dylib: replacing existing signature
2019-02-18 04:09:10 +0000  /var/folders/rh/520xs81j4xnb4j6wgfn12tf00000gn/T/XcodeDistPipeline.tSc/Root/Applications/Quick Weather.app/Contents/Frameworks/libswiftCoreLocation.dylib: signed Mach-O thin (x86_64) [com.apple.dt.runtime.swiftCoreLocation]
2019-02-18 04:09:10 +0000  /usr/bin/codesign exited with 0
2019-02-18 04:09:10 +0000  Entitlements for <IDEDistributionItem: 0x7fa3f06e7470 'com.apple.dt.runtime.swiftDarwin' '<DVTFilePath:0x7fa3e3a70d10:'/Users/ozanmirza/Library/Developer/Xcode/Archives/2019-02-17/Quick Weather-MAC 2-17-19, 10.50 AM.xcarchive/Products/Applications/Quick Weather.app/Contents/Frameworks/libswiftDarwin.dylib'>'>: {
}
2019-02-18 04:09:10 +0000  Writing entitlements for <IDEDistributionItem: 0x7fa3f06e7470 'com.apple.dt.runtime.swiftDarwin' '<DVTFilePath:0x7fa3e3a70d10:'/Users/ozanmirza/Library/Developer/Xcode/Archives/2019-02-17/Quick Weather-MAC 2-17-19, 10.50 AM.xcarchive/Products/Applications/Quick Weather.app/Contents/Frameworks/libswiftDarwin.dylib'>'> to: /var/folders/rh/520xs81j4xnb4j6wgfn12tf00000gn/T/XcodeDistPipeline.tSc/entitlementsW9u9LN
2019-02-18 04:09:10 +0000  Running /usr/bin/codesign '-vvv' '--force' '--sign' 'A1F90CA0EFF5CDAE484D939BFBB4038D478CA7E9' '--entitlements' '/var/folders/rh/520xs81j4xnb4j6wgfn12tf00000gn/T/XcodeDistPipeline.tSc/entitlementsW9u9LN' '--preserve-metadata=identifier,flags,runtime' '/var/folders/rh/520xs81j4xnb4j6wgfn12tf00000gn/T/XcodeDistPipeline.tSc/Root/Applications/Quick Weather.app/Contents/Frameworks/libswiftDarwin.dylib'
2019-02-18 04:09:10 +0000  /var/folders/rh/520xs81j4xnb4j6wgfn12tf00000gn/T/XcodeDistPipeline.tSc/Root/Applications/Quick Weather.app/Contents/Frameworks/libswiftDarwin.dylib: replacing existing signature
2019-02-18 04:09:10 +0000  /var/folders/rh/520xs81j4xnb4j6wgfn12tf00000gn/T/XcodeDistPipeline.tSc/Root/Applications/Quick Weather.app/Contents/Frameworks/libswiftDarwin.dylib: signed Mach-O thin (x86_64) [com.apple.dt.runtime.swiftDarwin]
2019-02-18 04:09:10 +0000  /usr/bin/codesign exited with 0
2019-02-18 04:09:10 +0000  Entitlements for <IDEDistributionItem: 0x7fa3e3f4f410 'com.apple.dt.runtime.swiftDispatch' '<DVTFilePath:0x7fa3e38146e0:'/Users/ozanmirza/Library/Developer/Xcode/Archives/2019-02-17/Quick Weather-MAC 2-17-19, 10.50 AM.xcarchive/Products/Applications/Quick Weather.app/Contents/Frameworks/libswiftDispatch.dylib'>'>: {
}
2019-02-18 04:09:10 +0000  Writing entitlements for <IDEDistributionItem: 0x7fa3e3f4f410 'com.apple.dt.runtime.swiftDispatch' '<DVTFilePath:0x7fa3e38146e0:'/Users/ozanmirza/Library/Developer/Xcode/Archives/2019-02-17/Quick Weather-MAC 2-17-19, 10.50 AM.xcarchive/Products/Applications/Quick Weather.app/Contents/Frameworks/libswiftDispatch.dylib'>'> to: /var/folders/rh/520xs81j4xnb4j6wgfn12tf00000gn/T/XcodeDistPipeline.tSc/entitlementsJWHqvW
2019-02-18 04:09:10 +0000  Running /usr/bin/codesign '-vvv' '--force' '--sign' 'A1F90CA0EFF5CDAE484D939BFBB4038D478CA7E9' '--entitlements' '/var/folders/rh/520xs81j4xnb4j6wgfn12tf00000gn/T/XcodeDistPipeline.tSc/entitlementsJWHqvW' '--preserve-metadata=identifier,flags,runtime' '/var/folders/rh/520xs81j4xnb4j6wgfn12tf00000gn/T/XcodeDistPipeline.tSc/Root/Applications/Quick Weather.app/Contents/Frameworks/libswiftDispatch.dylib'
2019-02-18 04:09:10 +0000  /var/folders/rh/520xs81j4xnb4j6wgfn12tf00000gn/T/XcodeDistPipeline.tSc/Root/Applications/Quick Weather.app/Contents/Frameworks/libswiftDispatch.dylib: replacing existing signature
2019-02-18 04:09:10 +0000  /var/folders/rh/520xs81j4xnb4j6wgfn12tf00000gn/T/XcodeDistPipeline.tSc/Root/Applications/Quick Weather.app/Contents/Frameworks/libswiftDispatch.dylib: signed Mach-O thin (x86_64) [com.apple.dt.runtime.swiftDispatch]
2019-02-18 04:09:10 +0000  /usr/bin/codesign exited with 0
2019-02-18 04:09:10 +0000  Entitlements for <IDEDistributionItem: 0x7fa3d34067a0 'com.apple.dt.runtime.swiftFoundation' '<DVTFilePath:0x7fa401324b90:'/Users/ozanmirza/Library/Developer/Xcode/Archives/2019-02-17/Quick Weather-MAC 2-17-19, 10.50 AM.xcarchive/Products/Applications/Quick Weather.app/Contents/Frameworks/libswiftFoundation.dylib'>'>: {
}
2019-02-18 04:09:10 +0000  Writing entitlements for <IDEDistributionItem: 0x7fa3d34067a0 'com.apple.dt.runtime.swiftFoundation' '<DVTFilePath:0x7fa401324b90:'/Users/ozanmirza/Library/Developer/Xcode/Archives/2019-02-17/Quick Weather-MAC 2-17-19, 10.50 AM.xcarchive/Products/Applications/Quick Weather.app/Contents/Frameworks/libswiftFoundation.dylib'>'> to: /var/folders/rh/520xs81j4xnb4j6wgfn12tf00000gn/T/XcodeDistPipeline.tSc/entitlementsSzxnGe
2019-02-18 04:09:10 +0000  Running /usr/bin/codesign '-vvv' '--force' '--sign' 'A1F90CA0EFF5CDAE484D939BFBB4038D478CA7E9' '--entitlements' '/var/folders/rh/520xs81j4xnb4j6wgfn12tf00000gn/T/XcodeDistPipeline.tSc/entitlementsSzxnGe' '--preserve-metadata=identifier,flags,runtime' '/var/folders/rh/520xs81j4xnb4j6wgfn12tf00000gn/T/XcodeDistPipeline.tSc/Root/Applications/Quick Weather.app/Contents/Frameworks/libswiftFoundation.dylib'
2019-02-18 04:09:10 +0000  /var/folders/rh/520xs81j4xnb4j6wgfn12tf00000gn/T/XcodeDistPipeline.tSc/Root/Applications/Quick Weather.app/Contents/Frameworks/libswiftFoundation.dylib: replacing existing signature
2019-02-18 04:09:10 +0000  /var/folders/rh/520xs81j4xnb4j6wgfn12tf00000gn/T/XcodeDistPipeline.tSc/Root/Applications/Quick Weather.app/Contents/Frameworks/libswiftFoundation.dylib: signed Mach-O thin (x86_64) [com.apple.dt.runtime.swiftFoundation]
2019-02-18 04:09:10 +0000  /usr/bin/codesign exited with 0
2019-02-18 04:09:10 +0000  Entitlements for <IDEDistributionItem: 0x7fa3e3d127f0 'com.apple.dt.runtime.swiftIOKit' '<DVTFilePath:0x7fa3fb30dc30:'/Users/ozanmirza/Library/Developer/Xcode/Archives/2019-02-17/Quick Weather-MAC 2-17-19, 10.50 AM.xcarchive/Products/Applications/Quick Weather.app/Contents/Frameworks/libswiftIOKit.dylib'>'>: {
}
2019-02-18 04:09:10 +0000  Writing entitlements for <IDEDistributionItem: 0x7fa3e3d127f0 'com.apple.dt.runtime.swiftIOKit' '<DVTFilePath:0x7fa3fb30dc30:'/Users/ozanmirza/Library/Developer/Xcode/Archives/2019-02-17/Quick Weather-MAC 2-17-19, 10.50 AM.xcarchive/Products/Applications/Quick Weather.app/Contents/Frameworks/libswiftIOKit.dylib'>'> to: /var/folders/rh/520xs81j4xnb4j6wgfn12tf00000gn/T/XcodeDistPipeline.tSc/entitlementsvM01Bi
2019-02-18 04:09:10 +0000  Running /usr/bin/codesign '-vvv' '--force' '--sign' 'A1F90CA0EFF5CDAE484D939BFBB4038D478CA7E9' '--entitlements' '/var/folders/rh/520xs81j4xnb4j6wgfn12tf00000gn/T/XcodeDistPipeline.tSc/entitlementsvM01Bi' '--preserve-metadata=identifier,flags,runtime' '/var/folders/rh/520xs81j4xnb4j6wgfn12tf00000gn/T/XcodeDistPipeline.tSc/Root/Applications/Quick Weather.app/Contents/Frameworks/libswiftIOKit.dylib'
2019-02-18 04:09:11 +0000  /var/folders/rh/520xs81j4xnb4j6wgfn12tf00000gn/T/XcodeDistPipeline.tSc/Root/Applications/Quick Weather.app/Contents/Frameworks/libswiftIOKit.dylib: replacing existing signature
2019-02-18 04:09:11 +0000  /var/folders/rh/520xs81j4xnb4j6wgfn12tf00000gn/T/XcodeDistPipeline.tSc/Root/Applications/Quick Weather.app/Contents/Frameworks/libswiftIOKit.dylib: signed Mach-O thin (x86_64) [com.apple.dt.runtime.swiftIOKit]
2019-02-18 04:09:11 +0000  /usr/bin/codesign exited with 0
2019-02-18 04:09:11 +0000  Entitlements for <IDEDistributionItem: 0x7fa3f06248d0 'com.apple.dt.runtime.swiftMetal' '<DVTFilePath:0x7fa3f9d4d960:'/Users/ozanmirza/Library/Developer/Xcode/Archives/2019-02-17/Quick Weather-MAC 2-17-19, 10.50 AM.xcarchive/Products/Applications/Quick Weather.app/Contents/Frameworks/libswiftMetal.dylib'>'>: {
}
2019-02-18 04:09:11 +0000  Writing entitlements for <IDEDistributionItem: 0x7fa3f06248d0 'com.apple.dt.runtime.swiftMetal' '<DVTFilePath:0x7fa3f9d4d960:'/Users/ozanmirza/Library/Developer/Xcode/Archives/2019-02-17/Quick Weather-MAC 2-17-19, 10.50 AM.xcarchive/Products/Applications/Quick Weather.app/Contents/Frameworks/libswiftMetal.dylib'>'> to: /var/folders/rh/520xs81j4xnb4j6wgfn12tf00000gn/T/XcodeDistPipeline.tSc/entitlementsAyMAc7
2019-02-18 04:09:11 +0000  Running /usr/bin/codesign '-vvv' '--force' '--sign' 'A1F90CA0EFF5CDAE484D939BFBB4038D478CA7E9' '--entitlements' '/var/folders/rh/520xs81j4xnb4j6wgfn12tf00000gn/T/XcodeDistPipeline.tSc/entitlementsAyMAc7' '--preserve-metadata=identifier,flags,runtime' '/var/folders/rh/520xs81j4xnb4j6wgfn12tf00000gn/T/XcodeDistPipeline.tSc/Root/Applications/Quick Weather.app/Contents/Frameworks/libswiftMetal.dylib'
2019-02-18 04:09:11 +0000  /var/folders/rh/520xs81j4xnb4j6wgfn12tf00000gn/T/XcodeDistPipeline.tSc/Root/Applications/Quick Weather.app/Contents/Frameworks/libswiftMetal.dylib: replacing existing signature
2019-02-18 04:09:11 +0000  /var/folders/rh/520xs81j4xnb4j6wgfn12tf00000gn/T/XcodeDistPipeline.tSc/Root/Applications/Quick Weather.app/Contents/Frameworks/libswiftMetal.dylib: signed Mach-O thin (x86_64) [com.apple.dt.runtime.swiftMetal]
2019-02-18 04:09:11 +0000  /usr/bin/codesign exited with 0
2019-02-18 04:09:11 +0000  Entitlements for <IDEDistributionItem: 0x7fa3d20d4980 'com.apple.dt.runtime.swiftObjectiveC' '<DVTFilePath:0x7fa3d2c6b8d0:'/Users/ozanmirza/Library/Developer/Xcode/Archives/2019-02-17/Quick Weather-MAC 2-17-19, 10.50 AM.xcarchive/Products/Applications/Quick Weather.app/Contents/Frameworks/libswiftObjectiveC.dylib'>'>: {
}
2019-02-18 04:09:11 +0000  Writing entitlements for <IDEDistributionItem: 0x7fa3d20d4980 'com.apple.dt.runtime.swiftObjectiveC' '<DVTFilePath:0x7fa3d2c6b8d0:'/Users/ozanmirza/Library/Developer/Xcode/Archives/2019-02-17/Quick Weather-MAC 2-17-19, 10.50 AM.xcarchive/Products/Applications/Quick Weather.app/Contents/Frameworks/libswiftObjectiveC.dylib'>'> to: /var/folders/rh/520xs81j4xnb4j6wgfn12tf00000gn/T/XcodeDistPipeline.tSc/entitlementsu5bAJT
2019-02-18 04:09:11 +0000  Running /usr/bin/codesign '-vvv' '--force' '--sign' 'A1F90CA0EFF5CDAE484D939BFBB4038D478CA7E9' '--entitlements' '/var/folders/rh/520xs81j4xnb4j6wgfn12tf00000gn/T/XcodeDistPipeline.tSc/entitlementsu5bAJT' '--preserve-metadata=identifier,flags,runtime' '/var/folders/rh/520xs81j4xnb4j6wgfn12tf00000gn/T/XcodeDistPipeline.tSc/Root/Applications/Quick Weather.app/Contents/Frameworks/libswiftObjectiveC.dylib'
2019-02-18 04:09:11 +0000  /var/folders/rh/520xs81j4xnb4j6wgfn12tf00000gn/T/XcodeDistPipeline.tSc/Root/Applications/Quick Weather.app/Contents/Frameworks/libswiftObjectiveC.dylib: replacing existing signature
2019-02-18 04:09:11 +0000  /var/folders/rh/520xs81j4xnb4j6wgfn12tf00000gn/T/XcodeDistPipeline.tSc/Root/Applications/Quick Weather.app/Contents/Frameworks/libswiftObjectiveC.dylib: signed Mach-O thin (x86_64) [com.apple.dt.runtime.swiftObjectiveC]
2019-02-18 04:09:11 +0000  /usr/bin/codesign exited with 0
2019-02-18 04:09:11 +0000  Entitlements for <IDEDistributionItem: 0x7fa3d3455070 'com.apple.dt.runtime.swiftQuartzCore' '<DVTFilePath:0x7fa3d25451d0:'/Users/ozanmirza/Library/Developer/Xcode/Archives/2019-02-17/Quick Weather-MAC 2-17-19, 10.50 AM.xcarchive/Products/Applications/Quick Weather.app/Contents/Frameworks/libswiftQuartzCore.dylib'>'>: {
}
2019-02-18 04:09:11 +0000  Writing entitlements for <IDEDistributionItem: 0x7fa3d3455070 'com.apple.dt.runtime.swiftQuartzCore' '<DVTFilePath:0x7fa3d25451d0:'/Users/ozanmirza/Library/Developer/Xcode/Archives/2019-02-17/Quick Weather-MAC 2-17-19, 10.50 AM.xcarchive/Products/Applications/Quick Weather.app/Contents/Frameworks/libswiftQuartzCore.dylib'>'> to: /var/folders/rh/520xs81j4xnb4j6wgfn12tf00000gn/T/XcodeDistPipeline.tSc/entitlementsJjoV4O
2019-02-18 04:09:11 +0000  Running /usr/bin/codesign '-vvv' '--force' '--sign' 'A1F90CA0EFF5CDAE484D939BFBB4038D478CA7E9' '--entitlements' '/var/folders/rh/520xs81j4xnb4j6wgfn12tf00000gn/T/XcodeDistPipeline.tSc/entitlementsJjoV4O' '--preserve-metadata=identifier,flags,runtime' '/var/folders/rh/520xs81j4xnb4j6wgfn12tf00000gn/T/XcodeDistPipeline.tSc/Root/Applications/Quick Weather.app/Contents/Frameworks/libswiftQuartzCore.dylib'
2019-02-18 04:09:11 +0000  /var/folders/rh/520xs81j4xnb4j6wgfn12tf00000gn/T/XcodeDistPipeline.tSc/Root/Applications/Quick Weather.app/Contents/Frameworks/libswiftQuartzCore.dylib: replacing existing signature
2019-02-18 04:09:11 +0000  /var/folders/rh/520xs81j4xnb4j6wgfn12tf00000gn/T/XcodeDistPipeline.tSc/Root/Applications/Quick Weather.app/Contents/Frameworks/libswiftQuartzCore.dylib: signed Mach-O thin (x86_64) [com.apple.dt.runtime.swiftQuartzCore]
2019-02-18 04:09:11 +0000  /usr/bin/codesign exited with 0
2019-02-18 04:09:11 +0000  Entitlements for <IDEDistributionItem: 0x7fa3f0692e90 'com.apple.dt.runtime.swiftXPC' '<DVTFilePath:0x7fa3f07998a0:'/Users/ozanmirza/Library/Developer/Xcode/Archives/2019-02-17/Quick Weather-MAC 2-17-19, 10.50 AM.xcarchive/Products/Applications/Quick Weather.app/Contents/Frameworks/libswiftXPC.dylib'>'>: {
}
2019-02-18 04:09:11 +0000  Writing entitlements for <IDEDistributionItem: 0x7fa3f0692e90 'com.apple.dt.runtime.swiftXPC' '<DVTFilePath:0x7fa3f07998a0:'/Users/ozanmirza/Library/Developer/Xcode/Archives/2019-02-17/Quick Weather-MAC 2-17-19, 10.50 AM.xcarchive/Products/Applications/Quick Weather.app/Contents/Frameworks/libswiftXPC.dylib'>'> to: /var/folders/rh/520xs81j4xnb4j6wgfn12tf00000gn/T/XcodeDistPipeline.tSc/entitlementsBsygf2
2019-02-18 04:09:11 +0000  Running /usr/bin/codesign '-vvv' '--force' '--sign' 'A1F90CA0EFF5CDAE484D939BFBB4038D478CA7E9' '--entitlements' '/var/folders/rh/520xs81j4xnb4j6wgfn12tf00000gn/T/XcodeDistPipeline.tSc/entitlementsBsygf2' '--preserve-metadata=identifier,flags,runtime' '/var/folders/rh/520xs81j4xnb4j6wgfn12tf00000gn/T/XcodeDistPipeline.tSc/Root/Applications/Quick Weather.app/Contents/Frameworks/libswiftXPC.dylib'
2019-02-18 04:09:11 +0000  /var/folders/rh/520xs81j4xnb4j6wgfn12tf00000gn/T/XcodeDistPipeline.tSc/Root/Applications/Quick Weather.app/Contents/Frameworks/libswiftXPC.dylib: replacing existing signature
2019-02-18 04:09:11 +0000  /var/folders/rh/520xs81j4xnb4j6wgfn12tf00000gn/T/XcodeDistPipeline.tSc/Root/Applications/Quick Weather.app/Contents/Frameworks/libswiftXPC.dylib: signed Mach-O thin (x86_64) [com.apple.dt.runtime.swiftXPC]
2019-02-18 04:09:11 +0000  /usr/bin/codesign exited with 0
2019-02-18 04:09:11 +0000  Entitlements for <IDEDistributionItem: 0x7fa3d3406ec0 'com.apple.dt.runtime.swiftos' '<DVTFilePath:0x7fa3f19c5350:'/Users/ozanmirza/Library/Developer/Xcode/Archives/2019-02-17/Quick Weather-MAC 2-17-19, 10.50 AM.xcarchive/Products/Applications/Quick Weather.app/Contents/Frameworks/libswiftos.dylib'>'>: {
}
2019-02-18 04:09:11 +0000  Writing entitlements for <IDEDistributionItem: 0x7fa3d3406ec0 'com.apple.dt.runtime.swiftos' '<DVTFilePath:0x7fa3f19c5350:'/Users/ozanmirza/Library/Developer/Xcode/Archives/2019-02-17/Quick Weather-MAC 2-17-19, 10.50 AM.xcarchive/Products/Applications/Quick Weather.app/Contents/Frameworks/libswiftos.dylib'>'> to: /var/folders/rh/520xs81j4xnb4j6wgfn12tf00000gn/T/XcodeDistPipeline.tSc/entitlements54OCLS
2019-02-18 04:09:11 +0000  Running /usr/bin/codesign '-vvv' '--force' '--sign' 'A1F90CA0EFF5CDAE484D939BFBB4038D478CA7E9' '--entitlements' '/var/folders/rh/520xs81j4xnb4j6wgfn12tf00000gn/T/XcodeDistPipeline.tSc/entitlements54OCLS' '--preserve-metadata=identifier,flags,runtime' '/var/folders/rh/520xs81j4xnb4j6wgfn12tf00000gn/T/XcodeDistPipeline.tSc/Root/Applications/Quick Weather.app/Contents/Frameworks/libswiftos.dylib'
2019-02-18 04:09:11 +0000  /var/folders/rh/520xs81j4xnb4j6wgfn12tf00000gn/T/XcodeDistPipeline.tSc/Root/Applications/Quick Weather.app/Contents/Frameworks/libswiftos.dylib: replacing existing signature
2019-02-18 04:09:11 +0000  /var/folders/rh/520xs81j4xnb4j6wgfn12tf00000gn/T/XcodeDistPipeline.tSc/Root/Applications/Quick Weather.app/Contents/Frameworks/libswiftos.dylib: signed Mach-O thin (x86_64) [com.apple.dt.runtime.swiftos]
2019-02-18 04:09:11 +0000  /usr/bin/codesign exited with 0
2019-02-18 04:09:11 +0000  Entitlements for <IDEDistributionItem: 0x7fa3d20b10b0 'com.burcumirza.Quick-Weather-MAC' '<DVTFilePath:0x7fa3d278c5c0:'/Users/ozanmirza/Library/Developer/Xcode/Archives/2019-02-17/Quick Weather-MAC 2-17-19, 10.50 AM.xcarchive/Products/Applications/Quick Weather.app'>'>: {
    "com.apple.security.app-sandbox" = 1;
    "com.apple.security.files.user-selected.read-only" = 1;
    "com.apple.security.network.client" = 1;
    "com.apple.security.personal-information.location" = 1;
}
2019-02-18 04:09:11 +0000  Writing entitlements for <IDEDistributionItem: 0x7fa3d20b10b0 'com.burcumirza.Quick-Weather-MAC' '<DVTFilePath:0x7fa3d278c5c0:'/Users/ozanmirza/Library/Developer/Xcode/Archives/2019-02-17/Quick Weather-MAC 2-17-19, 10.50 AM.xcarchive/Products/Applications/Quick Weather.app'>'> to: /var/folders/rh/520xs81j4xnb4j6wgfn12tf00000gn/T/XcodeDistPipeline.tSc/entitlementskoxXzQ
2019-02-18 04:09:11 +0000  Running /usr/bin/codesign '-vvv' '--force' '--sign' 'A1F90CA0EFF5CDAE484D939BFBB4038D478CA7E9' '--entitlements' '/var/folders/rh/520xs81j4xnb4j6wgfn12tf00000gn/T/XcodeDistPipeline.tSc/entitlementskoxXzQ' '--preserve-metadata=identifier,flags,runtime' '/var/folders/rh/520xs81j4xnb4j6wgfn12tf00000gn/T/XcodeDistPipeline.tSc/Root/Applications/Quick Weather.app'
2019-02-18 04:09:11 +0000  /var/folders/rh/520xs81j4xnb4j6wgfn12tf00000gn/T/XcodeDistPipeline.tSc/Root/Applications/Quick Weather.app: replacing existing signature
2019-02-18 04:09:11 +0000  /var/folders/rh/520xs81j4xnb4j6wgfn12tf00000gn/T/XcodeDistPipeline.tSc/Root/Applications/Quick Weather.app: signed app bundle with Mach-O thin (x86_64) [com.burcumirza.Quick-Weather-MAC]
2019-02-18 04:09:11 +0000  /usr/bin/codesign exited with 0
2019-02-18 04:09:11 +0000  Processing step: IDEDistributionZipODRItemStep
2019-02-18 04:09:11 +0000  Skipping step: IDEDistributionZipODRItemStep because it said so
2019-02-18 04:09:11 +0000  Skipping step: IDEDistributionZipODRItemStep because it said so
2019-02-18 04:09:11 +0000  Skipping step: IDEDistributionZipODRItemStep because it said so
2019-02-18 04:09:11 +0000  Skipping step: IDEDistributionZipODRItemStep because it said so
2019-02-18 04:09:11 +0000  Skipping step: IDEDistributionZipODRItemStep because it said so
2019-02-18 04:09:11 +0000  Skipping step: IDEDistributionZipODRItemStep because it said so
2019-02-18 04:09:11 +0000  Skipping step: IDEDistributionZipODRItemStep because it said so
2019-02-18 04:09:11 +0000  Skipping step: IDEDistributionZipODRItemStep because it said so
2019-02-18 04:09:11 +0000  Skipping step: IDEDistributionZipODRItemStep because it said so
2019-02-18 04:09:11 +0000  Skipping step: IDEDistributionZipODRItemStep because it said so
2019-02-18 04:09:11 +0000  Skipping step: IDEDistributionZipODRItemStep because it said so
2019-02-18 04:09:11 +0000  Skipping step: IDEDistributionZipODRItemStep because it said so
2019-02-18 04:09:11 +0000  Skipping step: IDEDistributionZipODRItemStep because it said so
2019-02-18 04:09:11 +0000  Skipping step: IDEDistributionZipODRItemStep because it said so
2019-02-18 04:09:11 +0000  Skipping step: IDEDistributionZipODRItemStep because it said so
2019-02-18 04:09:11 +0000  Skipping step: IDEDistributionZipODRItemStep because it said so
2019-02-18 04:09:11 +0000  Skipping step: IDEDistributionZipODRItemStep because it said so
2019-02-18 04:09:11 +0000  Processing step: IDEDistributionCreatePKGStep
2019-02-18 04:09:11 +0000  Running /usr/bin/productbuild '--sign' '3rd Party Mac Developer Installer: Burcu Mirza (QXNMG5R4EQ)' '--symbolication' '/var/folders/rh/520xs81j4xnb4j6wgfn12tf00000gn/T/XcodeDistPipeline.tSc/Symbols' '--component' '/var/folders/rh/520xs81j4xnb4j6wgfn12tf00000gn/T/XcodeDistPipeline.tSc/Root/Applications/Quick Weather.app' '/Applications' '/var/folders/rh/520xs81j4xnb4j6wgfn12tf00000gn/T/XcodeDistPipeline.tSc/Packages/Quick Weather-MAC.pkg'
2019-02-18 04:09:12 +0000  productbuild: Adding component at /var/folders/rh/520xs81j4xnb4j6wgfn12tf00000gn/T/XcodeDistPipeline.tSc/Root/Applications/Quick Weather.app
productbuild: Signing product with identity "3rd Party Mac Developer Installer: Burcu Mirza (QXNMG5R4EQ)" from keychain /Users/ozanmirza/Library/Keychains/login.keychain-db
productbuild: Adding certificate "Apple Worldwide Developer Relations Certification Authority"
productbuild: Adding certificate "Apple Root CA"
productbuild: Wrote product to /var/folders/rh/520xs81j4xnb4j6wgfn12tf00000gn/T/XcodeDistPipeline.tSc/Packages/Quick Weather-MAC.pkg
productbuild: Supported OS versions: [10.14, )
2019-02-18 04:09:12 +0000  /usr/bin/productbuild exited with 0
2019-02-18 04:09:12 +0000  Processing step: IDEDistributionAppStoreInformationStep
2019-02-18 04:09:12 +0000  Skipping step: IDEDistributionAppStoreInformationStep because it said so
2019-02-18 04:09:12 +0000  Processing step: IDEDistributionCreateManifestStep
2019-02-18 04:09:12 +0000  Skipping step: IDEDistributionCreateManifestStep because it said so
